Log file open, 11/09/20 16:02:12
LogInit: Display: Running engine for game: JustAnotherGame
LogPlatformFile: Not using cached read wrapper
LogTaskGraph: Started task graph with 5 named threads and 35 total threads with 3 sets of task threads.
LogStats: Stats thread started at 0.198442
LogD3D11RHI: Loaded GFSDK_Aftermath_Lib.x64.dll
LogICUInternationalization: ICU TimeZone Detection - Raw Offset: +1:00, Platform Override: ''
LogPluginManager: Mounting plugin Paper2D
LogPluginManager: Mounting plugin AISupport
LogPluginManager: Mounting plugin LightPropagationVolume
LogPluginManager: Mounting plugin CameraShakePreviewer
LogPluginManager: Mounting plugin ActorLayerUtilities
LogPluginManager: Mounting plugin AnimationSharing
LogPluginManager: Mounting plugin CLionSourceCodeAccess
LogPluginManager: Mounting plugin CodeLiteSourceCodeAccess
LogPluginManager: Mounting plugin GitSourceControl
LogPluginManager: Mounting plugin KDevelopSourceCodeAccess
LogPluginManager: Mounting plugin NullSourceCodeAccess
LogPluginManager: Mounting plugin PerforceSourceControl
LogPluginManager: Mounting plugin PlasticSourceControl
LogPluginManager: Mounting plugin RiderSourceCodeAccess
LogPluginManager: Mounting plugin SubversionSourceControl
LogPluginManager: Mounting plugin UObjectPlugin
LogPluginManager: Mounting plugin VisualStudioCodeSourceCodeAccess
LogPluginManager: Mounting plugin VisualStudioSourceCodeAccess
LogPluginManager: Mounting plugin XCodeSourceCodeAccess
LogPluginManager: Mounting plugin AssetManagerEditor
LogPluginManager: Mounting plugin CryptoKeys
LogPluginManager: Mounting plugin CurveEditorTools
LogPluginManager: Mounting plugin DataValidation
LogPluginManager: Mounting plugin EditorScriptingUtilities
LogPluginManager: Mounting plugin FacialAnimation
LogPluginManager: Mounting plugin GameplayTagsEditor
LogPluginManager: Mounting plugin GeometryMode
LogPluginManager: Mounting plugin MacGraphicsSwitching
LogPluginManager: Mounting plugin MaterialAnalyzer
LogPluginManager: Mounting plugin MeshEditor
LogPluginManager: Mounting plugin MobileLauncherProfileWizard
LogPluginManager: Mounting plugin PluginBrowser
LogPluginManager: Mounting plugin SpeedTreeImporter
LogPluginManager: Mounting plugin DataprepEditor
LogPluginManager: Mounting plugin DatasmithContent
LogPluginManager: Mounting plugin DatasmithFBXImporter
LogPluginManager: Mounting plugin DatasmithImporter
LogPluginManager: Mounting plugin StaticMeshEditorExtension
LogPluginManager: Mounting plugin VariantManager
LogPluginManager: Mounting plugin VariantManagerContent
LogPluginManager: Mounting plugin AlembicImporter
LogPluginManager: Mounting plugin AutomationUtils
LogPluginManager: Mounting plugin BackChannel
LogPluginManager: Mounting plugin BlastPlugin
LogPluginManager: Mounting plugin ChaosCloth
LogPluginManager: Mounting plugin ChaosClothEditor
LogPluginManager: Mounting plugin ChaosEditor
LogPluginManager: Mounting plugin ChaosNiagara
LogPluginManager: Mounting plugin ChaosSolverPlugin
LogPluginManager: Mounting plugin CharacterAI
LogPluginManager: Mounting plugin GeometryCache
LogPluginManager: Mounting plugin GeometryCollectionPlugin
LogPluginManager: Mounting plugin GeometryProcessing
LogPluginManager: Mounting plugin PlanarCut
LogPluginManager: Mounting plugin PlatformCrypto
LogPluginManager: Mounting plugin ProxyLODPlugin
LogPluginManager: Mounting plugin SkeletalReduction
LogPluginManager: Mounting plugin Niagara
LogPluginManager: Mounting plugin MagicLeap
LogPluginManager: Mounting plugin MagicLeapLightEstimation
LogPluginManager: Mounting plugin MagicLeapMedia
LogPluginManager: Mounting plugin MagicLeapPassableWorld
LogPluginManager: Mounting plugin MLSDK
LogPluginManager: Mounting plugin AndroidMedia
LogPluginManager: Mounting plugin AvfMedia
LogPluginManager: Mounting plugin ImgMedia
LogPluginManager: Mounting plugin MediaCompositing
LogPluginManager: Mounting plugin MediaPlayerEditor
LogPluginManager: Mounting plugin WebMMedia
LogPluginManager: Mounting plugin WmfMedia
LogPluginManager: Mounting plugin MeshPainting
LogPluginManager: Mounting plugin TcpMessaging
LogPluginManager: Mounting plugin UdpMessaging
LogPluginManager: Mounting plugin ActorSequence
LogPluginManager: Mounting plugin LevelSequenceEditor
LogPluginManager: Mounting plugin MatineeToLevelSequence
LogPluginManager: Mounting plugin MovieRenderPipeline
LogPluginManager: Mounting plugin TemplateSequence
LogPluginManager: Mounting plugin NetcodeUnitTest
LogPluginManager: Mounting plugin NUTUnrealEngine4
LogPluginManager: Mounting plugin OnlineSubsystemGooglePlay
LogPluginManager: Mounting plugin OnlineSubsystemIOS
LogPluginManager: Mounting plugin OnlineSubsystem
LogPluginManager: Mounting plugin OnlineSubsystemNull
LogPluginManager: Mounting plugin OnlineSubsystemUtils
LogPluginManager: Mounting plugin LauncherChunkInstaller
LogPluginManager: Mounting plugin AndroidDeviceProfileSelector
LogPluginManager: Mounting plugin AndroidMoviePlayer
LogPluginManager: Mounting plugin AndroidPermission
LogPluginManager: Mounting plugin AppleImageUtils
LogPluginManager: Mounting plugin AppleMoviePlayer
LogPluginManager: Mounting plugin ArchVisCharacter
LogPluginManager: Mounting plugin AssetTags
LogPluginManager: Mounting plugin AudioCapture
LogPluginManager: Mounting plugin CableComponent
LogPluginManager: Mounting plugin CustomMeshComponent
LogPluginManager: Mounting plugin EditableMesh
LogPluginManager: Mounting plugin ExampleDeviceProfileSelector
LogPluginManager: Mounting plugin GoogleCloudMessaging
LogPluginManager: Mounting plugin GooglePAD
LogPluginManager: Mounting plugin IOSDeviceProfileSelector
LogPluginManager: Mounting plugin LinuxDeviceProfileSelector
LogPluginManager: Mounting plugin LocationServicesBPLibrary
LogPluginManager: Mounting plugin MobilePatchingUtils
LogPluginManager: Mounting plugin OculusVR
LogPluginManager: Mounting plugin PhysXVehicles
LogPluginManager: Mounting plugin PostSplashScreen
LogPluginManager: Mounting plugin ProceduralMeshComponent
LogPluginManager: Mounting plugin RuntimePhysXCooking
LogPluginManager: Mounting plugin SignificanceManager
LogPluginManager: Mounting plugin SoundFields
LogPluginManager: Mounting plugin SteamVR
LogPluginManager: Mounting plugin Synthesis
LogPluginManager: Mounting plugin WebMMoviePlayer
LogPluginManager: Mounting plugin WindowsMoviePlayer
LogPluginManager: Mounting plugin ScreenshotTools
LogInit: Using libcurl 7.55.1-DEV
LogInit:  - built for x86_64-pc-win32
LogInit:  - supports SSL with OpenSSL/1.1.1
LogInit:  - supports HTTP deflate (compression) using libz 1.2.8
LogInit:  - other features:
LogInit:      CURL_VERSION_SSL
LogInit:      CURL_VERSION_LIBZ
LogInit:      CURL_VERSION_IPV6
LogInit:      CURL_VERSION_ASYNCHDNS
LogInit:      CURL_VERSION_LARGEFILE
LogInit:      CURL_VERSION_IDN
LogInit:  CurlRequestOptions (configurable via config and command line):
LogInit:  - bVerifyPeer = true  - Libcurl will verify peer certificate
LogInit:  - bUseHttpProxy = false  - Libcurl will NOT use HTTP proxy
LogInit:  - bDontReuseConnections = false  - Libcurl will reuse connections
LogInit:  - MaxHostConnections = 16  - Libcurl will limit the number of connections to a host
LogInit:  - LocalHostAddr = Default
LogInit:  - BufferSize = 65536
LogOnline: OSS: Creating online subsystem instance for: NULL
LogInit: WinSock: version 1.1 (2.2), MaxSocks=32767, MaxUdp=65467
LogOnline: OSS: TryLoadSubsystemAndSetDefault: Loaded subsystem for module [NULL]
LogInit: Build: ++UE4+Release-4.25-CL-14469661
LogInit: Engine Version: 4.25.4-14469661+++UE4+Release-4.25
LogInit: Compatible Engine Version: 4.25.0-13144385+++UE4+Release-4.25
LogInit: Net CL: 13144385
LogInit: OS: Windows 10 (Release 1909) (), CPU: AMD Ryzen 5 1600 Six-Core Processor            , GPU: NVIDIA GeForce GTX 1660 Ti
LogInit: Compiled (64-bit): Oct 11 2020 08:10:49
LogInit: Compiled with Visual C++: 19.24.28315.00
LogInit: Build Configuration: Development
LogInit: Branch Name: ++UE4+Release-4.25
LogInit: Command Line: 
LogInit: Base Directory: C:/Program Files/Epic Games/UE_4.25/Engine/Binaries/Win64/
LogInit: Allocator: TBB
LogInit: Installed Engine Build: 1
LogDevObjectVersion: Number of dev versions registered: 26
LogDevObjectVersion:   Dev-Blueprints (B0D832E4-1F89-4F0D-ACCF-7EB736FD4AA2): 10
LogDevObjectVersion:   Dev-Build (E1C64328-A22C-4D53-A36C-8E866417BD8C): 0
LogDevObjectVersion:   Dev-Core (375EC13C-06E4-48FB-B500-84F0262A717E): 4
LogDevObjectVersion:   Dev-Editor (E4B068ED-F494-42E9-A231-DA0B2E46BB41): 38
LogDevObjectVersion:   Dev-Framework (CFFC743F-43B0-4480-9391-14DF171D2073): 37
LogDevObjectVersion:   Dev-Mobile (B02B49B5-BB20-44E9-A304-32B752E40360): 2
LogDevObjectVersion:   Dev-Networking (A4E4105C-59A1-49B5-A7C5-40C4547EDFEE): 0
LogDevObjectVersion:   Dev-Online (39C831C9-5AE6-47DC-9A44-9C173E1C8E7C): 0
LogDevObjectVersion:   Dev-Physics (78F01B33-EBEA-4F98-B9B4-84EACCB95AA2): 4
LogDevObjectVersion:   Dev-Platform (6631380F-2D4D-43E0-8009-CF276956A95A): 0
LogDevObjectVersion:   Dev-Rendering (12F88B9F-8875-4AFC-A67C-D90C383ABD29): 43
LogDevObjectVersion:   Dev-Sequencer (7B5AE74C-D270-4C10-A958-57980B212A5A): 12
LogDevObjectVersion:   Dev-VR (D7296918-1DD6-4BDD-9DE2-64A83CC13884): 3
LogDevObjectVersion:   Dev-LoadTimes (C2A15278-BFE7-4AFE-6C17-90FF531DF755): 1
LogDevObjectVersion:   Private-Geometry (6EACA3D4-40EC-4CC1-B786-8BED09428FC5): 3
LogDevObjectVersion:   Dev-AnimPhys (29E575DD-E0A3-4627-9D10-D276232CDCEA): 17
LogDevObjectVersion:   Dev-Anim (AF43A65D-7FD3-4947-9873-3E8ED9C1BB05): 7
LogDevObjectVersion:   Dev-ReflectionCapture (6B266CEC-1EC7-4B8F-A30B-E4D90942FC07): 1
LogDevObjectVersion:   Dev-Automation (0DF73D61-A23F-47EA-B727-89E90C41499A): 1
LogDevObjectVersion:   FortniteMain (601D1886-AC64-4F84-AA16-D3DE0DEAC7D6): 31
LogDevObjectVersion:   Dev-Enterprise (9DFFBCD6-494F-0158-E221-12823C92A888): 10
LogDevObjectVersion:   Dev-Niagara (F2AED0AC-9AFE-416F-8664-AA7FFA26D6FC): 1
LogDevObjectVersion:   Dev-Destruction (174F1F0B-B4C6-45A5-B13F-2EE8D0FB917D): 10
LogDevObjectVersion:   Dev-Physics-Ext (35F94A83-E258-406C-A318-09F59610247C): 37
LogDevObjectVersion:   Dev-PhysicsMaterial-Chaos (B68FC16E-8B1B-42E2-B453-215C058844FE): 1
LogDevObjectVersion:   Dev-CineCamera (B2E18506-4273-CFC2-A54E-F4BB758BBA07): 1
LogInit: Presizing for max 25165824 objects, including 0 objects not considered by GC, pre-allocating 0 bytes for permanent pool.
LogConfig: Applying CVar settings from Section [/Script/Engine.StreamingSettings] File [C:/Users/Axes/Documents/Unreal Projects/JustAnotherHistoryGame/Saved/Config/Windows/Engine.ini]
LogConfig: Setting CVar [[s.MinBulkDataSizeForAsyncLoading:131072]]
LogConfig: Setting CVar [[s.AsyncLoadingThreadEnabled:0]]
LogConfig: Setting CVar [[s.EventDrivenLoaderEnabled:1]]
LogConfig: Setting CVar [[s.WarnIfTimeLimitExceeded:0]]
LogConfig: Setting CVar [[s.TimeLimitExceededMultiplier:1.5]]
LogConfig: Setting CVar [[s.TimeLimitExceededMinTime:0.005]]
LogConfig: Setting CVar [[s.UseBackgroundLevelStreaming:1]]
LogConfig: Setting CVar [[s.PriorityAsyncLoadingExtraTime:15.0]]
LogConfig: Setting CVar [[s.LevelStreamingActorsUpdateTimeLimit:5.0]]
LogConfig: Setting CVar [[s.PriorityLevelStreamingActorsUpdateExtraTime:5.0]]
LogConfig: Setting CVar [[s.LevelStreamingComponentsRegistrationGranularity:10]]
LogConfig: Setting CVar [[s.UnregisterComponentsTimeLimit:1.0]]
LogConfig: Setting CVar [[s.LevelStreamingComponentsUnregistrationGranularity:5]]
LogConfig: Setting CVar [[s.FlushStreamingOnExit:1]]
LogInit: Object subsystem initialized
LogConfig: Setting CVar [[con.DebugEarlyDefault:1]]
LogConfig: Setting CVar [[r.setres:1280x720]]
[2020.11.09-15.02.12:655][  0]LogConfig: Setting CVar [[r.VSync:0]]
[2020.11.09-15.02.12:655][  0]LogConfig: Setting CVar [[r.RHICmdBypass:0]]
[2020.11.09-15.02.12:655][  0]LogConfig: Applying CVar settings from Section [/Script/Engine.RendererSettings] File [C:/Users/Axes/Documents/Unreal Projects/JustAnotherHistoryGame/Saved/Config/Windows/Engine.ini]
[2020.11.09-15.02.12:655][  0]LogConfig: Setting CVar [[r.GPUCrashDebugging:0]]
[2020.11.09-15.02.12:655][  0]LogConfig: Applying CVar settings from Section [/Script/Engine.RendererOverrideSettings] File [C:/Users/Axes/Documents/Unreal Projects/JustAnotherHistoryGame/Saved/Config/Windows/Engine.ini]
[2020.11.09-15.02.12:655][  0]LogConfig: Applying CVar settings from Section [/Script/Engine.StreamingSettings] File [C:/Users/Axes/Documents/Unreal Projects/JustAnotherHistoryGame/Saved/Config/Windows/Engine.ini]
[2020.11.09-15.02.12:655][  0]LogConfig: Setting CVar [[s.MinBulkDataSizeForAsyncLoading:131072]]
[2020.11.09-15.02.12:655][  0]LogConfig: Setting CVar [[s.AsyncLoadingThreadEnabled:0]]
[2020.11.09-15.02.12:655][  0]LogConfig: Setting CVar [[s.EventDrivenLoaderEnabled:1]]
[2020.11.09-15.02.12:655][  0]LogConfig: Setting CVar [[s.WarnIfTimeLimitExceeded:0]]
[2020.11.09-15.02.12:655][  0]LogConfig: Setting CVar [[s.TimeLimitExceededMultiplier:1.5]]
[2020.11.09-15.02.12:655][  0]LogConfig: Setting CVar [[s.TimeLimitExceededMinTime:0.005]]
[2020.11.09-15.02.12:655][  0]LogConfig: Setting CVar [[s.UseBackgroundLevelStreaming:1]]
[2020.11.09-15.02.12:655][  0]LogConfig: Setting CVar [[s.PriorityAsyncLoadingExtraTime:15.0]]
[2020.11.09-15.02.12:655][  0]LogConfig: Setting CVar [[s.LevelStreamingActorsUpdateTimeLimit:5.0]]
[2020.11.09-15.02.12:655][  0]LogConfig: Setting CVar [[s.PriorityLevelStreamingActorsUpdateExtraTime:5.0]]
[2020.11.09-15.02.12:655][  0]LogConfig: Setting CVar [[s.LevelStreamingComponentsRegistrationGranularity:10]]
[2020.11.09-15.02.12:655][  0]LogConfig: Setting CVar [[s.UnregisterComponentsTimeLimit:1.0]]
[2020.11.09-15.02.12:655][  0]LogConfig: Setting CVar [[s.LevelStreamingComponentsUnregistrationGranularity:5]]
[2020.11.09-15.02.12:655][  0]LogConfig: Setting CVar [[s.FlushStreamingOnExit:1]]
[2020.11.09-15.02.12:655][  0]LogConfig: Applying CVar settings from Section [/Script/Engine.GarbageCollectionSettings] File [C:/Users/Axes/Documents/Unreal Projects/JustAnotherHistoryGame/Saved/Config/Windows/Engine.ini]
[2020.11.09-15.02.12:655][  0]LogConfig: Setting CVar [[gc.MaxObjectsNotConsideredByGC:1]]
[2020.11.09-15.02.12:655][  0]LogConfig: Setting CVar [[gc.SizeOfPermanentObjectPool:0]]
[2020.11.09-15.02.12:655][  0]LogConfig: Setting CVar [[gc.FlushStreamingOnGC:0]]
[2020.11.09-15.02.12:655][  0]LogConfig: Setting CVar [[gc.NumRetriesBeforeForcingGC:10]]
[2020.11.09-15.02.12:655][  0]LogConfig: Setting CVar [[gc.AllowParallelGC:1]]
[2020.11.09-15.02.12:655][  0]LogConfig: Setting CVar [[gc.TimeBetweenPurgingPendingKillObjects:61.1]]
[2020.11.09-15.02.12:655][  0]LogConfig: Setting CVar [[gc.MaxObjectsInEditor:25165824]]
[2020.11.09-15.02.12:656][  0]LogConfig: Setting CVar [[gc.IncrementalBeginDestroyEnabled:1]]
[2020.11.09-15.02.12:656][  0]LogConfig: Setting CVar [[gc.CreateGCClusters:1]]
[2020.11.09-15.02.12:656][  0]LogConfig: Setting CVar [[gc.MinGCClusterSize:5]]
[2020.11.09-15.02.12:656][  0]LogConfig: Setting CVar [[gc.ActorClusteringEnabled:0]]
[2020.11.09-15.02.12:656][  0]LogConfig: Setting CVar [[gc.BlueprintClusteringEnabled:0]]
[2020.11.09-15.02.12:656][  0]LogConfig: Setting CVar [[gc.UseDisregardForGCOnDedicatedServers:0]]
[2020.11.09-15.02.12:656][  0]LogConfig: Applying CVar settings from Section [/Script/Engine.NetworkSettings] File [C:/Users/Axes/Documents/Unreal Projects/JustAnotherHistoryGame/Saved/Config/Windows/Engine.ini]
[2020.11.09-15.02.12:656][  0]LogConfig: Applying CVar settings from Section [/Script/UnrealEd.CookerSettings] File [C:/Users/Axes/Documents/Unreal Projects/JustAnotherHistoryGame/Saved/Config/Windows/Engine.ini]
[2020.11.09-15.02.12:658][  0]LogConfig: Applying CVar settings from Section [ViewDistanceQuality@3] File [C:/Users/Axes/Documents/Unreal Projects/JustAnotherHistoryGame/Saved/Config/Windows/Scalability.ini]
[2020.11.09-15.02.12:658][  0]LogConfig: Setting CVar [[r.SkeletalMeshLODBias:0]]
[2020.11.09-15.02.12:658][  0]LogConfig: Setting CVar [[r.ViewDistanceScale:1.0]]
[2020.11.09-15.02.12:658][  0]LogConfig: Applying CVar settings from Section [AntiAliasingQuality@3] File [C:/Users/Axes/Documents/Unreal Projects/JustAnotherHistoryGame/Saved/Config/Windows/Scalability.ini]
[2020.11.09-15.02.12:658][  0]LogConfig: Setting CVar [[r.PostProcessAAQuality:4]]
[2020.11.09-15.02.12:658][  0]LogConfig: Applying CVar settings from Section [ShadowQuality@3] File [C:/Users/Axes/Documents/Unreal Projects/JustAnotherHistoryGame/Saved/Config/Windows/Scalability.ini]
[2020.11.09-15.02.12:658][  0]LogConfig: Setting CVar [[r.LightFunctionQuality:1]]
[2020.11.09-15.02.12:658][  0]LogConfig: Setting CVar [[r.ShadowQuality:5]]
[2020.11.09-15.02.12:658][  0]LogConfig: Setting CVar [[r.Shadow.CSM.MaxCascades:10]]
[2020.11.09-15.02.12:658][  0]LogConfig: Setting CVar [[r.Shadow.MaxResolution:2048]]
[2020.11.09-15.02.12:658][  0]LogConfig: Setting CVar [[r.Shadow.MaxCSMResolution:2048]]
[2020.11.09-15.02.12:658][  0]LogConfig: Setting CVar [[r.Shadow.RadiusThreshold:0.01]]
[2020.11.09-15.02.12:658][  0]LogConfig: Setting CVar [[r.Shadow.DistanceScale:1.0]]
[2020.11.09-15.02.12:658][  0]LogConfig: Setting CVar [[r.Shadow.CSM.TransitionScale:1.0]]
[2020.11.09-15.02.12:658][  0]LogConfig: Setting CVar [[r.Shadow.PreShadowResolutionFactor:1.0]]
[2020.11.09-15.02.12:658][  0]LogConfig: Setting CVar [[r.DistanceFieldShadowing:1]]
[2020.11.09-15.02.12:658][  0]LogConfig: Setting CVar [[r.DistanceFieldAO:1]]
[2020.11.09-15.02.12:658][  0]LogConfig: Setting CVar [[r.AOQuality:2]]
[2020.11.09-15.02.12:658][  0]LogConfig: Setting CVar [[r.VolumetricFog:1]]
[2020.11.09-15.02.12:658][  0]LogConfig: Setting CVar [[r.VolumetricFog.GridPixelSize:8]]
[2020.11.09-15.02.12:658][  0]LogConfig: Setting CVar [[r.VolumetricFog.GridSizeZ:128]]
[2020.11.09-15.02.12:658][  0]LogConfig: Setting CVar [[r.VolumetricFog.HistoryMissSupersampleCount:4]]
[2020.11.09-15.02.12:658][  0]LogConfig: Setting CVar [[r.LightMaxDrawDistanceScale:1]]
[2020.11.09-15.02.12:658][  0]LogConfig: Setting CVar [[r.CapsuleShadows:1]]
[2020.11.09-15.02.12:658][  0]LogConfig: Applying CVar settings from Section [PostProcessQuality@3] File [C:/Users/Axes/Documents/Unreal Projects/JustAnotherHistoryGame/Saved/Config/Windows/Scalability.ini]
[2020.11.09-15.02.12:658][  0]LogConfig: Setting CVar [[r.MotionBlurQuality:4]]
[2020.11.09-15.02.12:658][  0]LogConfig: Setting CVar [[r.AmbientOcclusionMipLevelFactor:0.4]]
[2020.11.09-15.02.12:658][  0]LogConfig: Setting CVar [[r.AmbientOcclusionMaxQuality:100]]
[2020.11.09-15.02.12:658][  0]LogConfig: Setting CVar [[r.AmbientOcclusionLevels:-1]]
[2020.11.09-15.02.12:658][  0]LogConfig: Setting CVar [[r.AmbientOcclusionRadiusScale:1.0]]
[2020.11.09-15.02.12:658][  0]LogConfig: Setting CVar [[r.DepthOfFieldQuality:2]]
[2020.11.09-15.02.12:658][  0]LogConfig: Setting CVar [[r.RenderTargetPoolMin:400]]
[2020.11.09-15.02.12:658][  0]LogConfig: Setting CVar [[r.LensFlareQuality:2]]
[2020.11.09-15.02.12:658][  0]LogConfig: Setting CVar [[r.SceneColorFringeQuality:1]]
[2020.11.09-15.02.12:658][  0]LogConfig: Setting CVar [[r.EyeAdaptationQuality:2]]
[2020.11.09-15.02.12:658][  0]LogConfig: Setting CVar [[r.BloomQuality:5]]
[2020.11.09-15.02.12:658][  0]LogConfig: Setting CVar [[r.FastBlurThreshold:100]]
[2020.11.09-15.02.12:658][  0]LogConfig: Setting CVar [[r.Upscale.Quality:3]]
[2020.11.09-15.02.12:658][  0]LogConfig: Setting CVar [[r.Tonemapper.GrainQuantization:1]]
[2020.11.09-15.02.12:658][  0]LogConfig: Setting CVar [[r.LightShaftQuality:1]]
[2020.11.09-15.02.12:658][  0]LogConfig: Setting CVar [[r.Filter.SizeScale:1]]
[2020.11.09-15.02.12:658][  0]LogConfig: Setting CVar [[r.Tonemapper.Quality:5]]
[2020.11.09-15.02.12:658][  0]LogConfig: Setting CVar [[r.DOF.Gather.AccumulatorQuality:1        ; higher gathering accumulator quality]]
[2020.11.09-15.02.12:658][  0]LogConfig: Setting CVar [[r.DOF.Gather.PostfilterMethod:1          ; Median3x3 postfilering method]]
[2020.11.09-15.02.12:659][  0]LogConfig: Setting CVar [[r.DOF.Gather.EnableBokehSettings:0       ; no bokeh simulation when gathering]]
[2020.11.09-15.02.12:659][  0]LogConfig: Setting CVar [[r.DOF.Gather.RingCount:4                 ; medium number of samples when gathering]]
[2020.11.09-15.02.12:659][  0]LogConfig: Setting CVar [[r.DOF.Scatter.ForegroundCompositing:1    ; additive foreground scattering]]
[2020.11.09-15.02.12:659][  0]LogConfig: Setting CVar [[r.DOF.Scatter.BackgroundCompositing:2    ; additive background scattering]]
[2020.11.09-15.02.12:659][  0]LogConfig: Setting CVar [[r.DOF.Scatter.EnableBokehSettings:1      ; bokeh simulation when scattering]]
[2020.11.09-15.02.12:659][  0]LogConfig: Setting CVar [[r.DOF.Scatter.MaxSpriteRatio:0.1         ; only a maximum of 10% of scattered bokeh]]
[2020.11.09-15.02.12:659][  0]LogConfig: Setting CVar [[r.DOF.Recombine.Quality:1                ; cheap slight out of focus]]
[2020.11.09-15.02.12:659][  0]LogConfig: Setting CVar [[r.DOF.Recombine.EnableBokehSettings:0    ; no bokeh simulation on slight out of focus]]
[2020.11.09-15.02.12:659][  0]LogConfig: Setting CVar [[r.DOF.TemporalAAQuality:1                ; more stable temporal accumulation]]
[2020.11.09-15.02.12:659][  0]LogConfig: Setting CVar [[r.DOF.Kernel.MaxForegroundRadius:0.025]]
[2020.11.09-15.02.12:659][  0]LogConfig: Setting CVar [[r.DOF.Kernel.MaxBackgroundRadius:0.025]]
[2020.11.09-15.02.12:659][  0]LogConfig: Applying CVar settings from Section [TextureQuality@3] File [C:/Users/Axes/Documents/Unreal Projects/JustAnotherHistoryGame/Saved/Config/Windows/Scalability.ini]
[2020.11.09-15.02.12:659][  0]LogConfig: Setting CVar [[r.Streaming.MipBias:0]]
[2020.11.09-15.02.12:659][  0]LogConfig: Setting CVar [[r.Streaming.AmortizeCPUToGPUCopy:0]]
[2020.11.09-15.02.12:659][  0]LogConfig: Setting CVar [[r.Streaming.MaxNumTexturesToStreamPerFrame:0]]
[2020.11.09-15.02.12:659][  0]LogConfig: Setting CVar [[r.Streaming.Boost:1]]
[2020.11.09-15.02.12:659][  0]LogConfig: Setting CVar [[r.MaxAnisotropy:8]]
[2020.11.09-15.02.12:659][  0]LogConfig: Setting CVar [[r.VT.MaxAnisotropy:8]]
[2020.11.09-15.02.12:659][  0]LogConfig: Setting CVar [[r.Streaming.LimitPoolSizeToVRAM:0]]
[2020.11.09-15.02.12:659][  0]LogConfig: Setting CVar [[r.Streaming.PoolSize:1000]]
[2020.11.09-15.02.12:659][  0]LogConfig: Setting CVar [[r.Streaming.MaxEffectiveScreenSize:0]]
[2020.11.09-15.02.12:659][  0]LogConfig: Applying CVar settings from Section [EffectsQuality@3] File [C:/Users/Axes/Documents/Unreal Projects/JustAnotherHistoryGame/Saved/Config/Windows/Scalability.ini]
[2020.11.09-15.02.12:659][  0]LogConfig: Setting CVar [[r.TranslucencyLightingVolumeDim:64]]
[2020.11.09-15.02.12:659][  0]LogConfig: Setting CVar [[r.RefractionQuality:2]]
[2020.11.09-15.02.12:659][  0]LogConfig: Setting CVar [[r.SSR.Quality:3]]
[2020.11.09-15.02.12:659][  0]LogConfig: Setting CVar [[r.SSR.HalfResSceneColor:0]]
[2020.11.09-15.02.12:659][  0]LogConfig: Setting CVar [[r.SceneColorFormat:4]]
[2020.11.09-15.02.12:659][  0]LogConfig: Setting CVar [[r.DetailMode:2]]
[2020.11.09-15.02.12:659][  0]LogConfig: Setting CVar [[r.TranslucencyVolumeBlur:1]]
[2020.11.09-15.02.12:659][  0]LogConfig: Setting CVar [[r.MaterialQualityLevel:1 ; High quality]]
[2020.11.09-15.02.12:659][  0]LogConfig: Setting CVar [[r.SSS.Scale:1]]
[2020.11.09-15.02.12:659][  0]LogConfig: Setting CVar [[r.SSS.SampleSet:2]]
[2020.11.09-15.02.12:659][  0]LogConfig: Setting CVar [[r.SSS.Quality:1]]
[2020.11.09-15.02.12:659][  0]LogConfig: Setting CVar [[r.SSS.HalfRes:0]]
[2020.11.09-15.02.12:659][  0]LogConfig: Setting CVar [[r.SSGI.Quality:3]]
[2020.11.09-15.02.12:659][  0]LogConfig: Setting CVar [[r.EmitterSpawnRateScale:1.0]]
[2020.11.09-15.02.12:659][  0]LogConfig: Setting CVar [[r.ParticleLightQuality:2]]
[2020.11.09-15.02.12:659][  0]LogConfig: Setting CVar [[r.SkyAtmosphere.AerialPerspectiveLUT.FastApplyOnOpaque:1 ; Always have FastSkyLUT 1 in this case to avoid wrong sky]]
[2020.11.09-15.02.12:659][  0]LogConfig: Setting CVar [[r.SkyAtmosphere.AerialPerspectiveLUT.SampleCountPerSlice:1]]
[2020.11.09-15.02.12:659][  0]LogConfig: Setting CVar [[r.SkyAtmosphere.AerialPerspectiveLUT.DepthResolution:16.0]]
[2020.11.09-15.02.12:659][  0]LogConfig: Setting CVar [[r.SkyAtmosphere.FastSkyLUT:1]]
[2020.11.09-15.02.12:659][  0]LogConfig: Setting CVar [[r.SkyAtmosphere.FastSkyLUT.SampleCountMin:4.0]]
[2020.11.09-15.02.12:659][  0]LogConfig: Setting CVar [[r.SkyAtmosphere.FastSkyLUT.SampleCountMax:32.0]]
[2020.11.09-15.02.12:659][  0]LogConfig: Setting CVar [[r.SkyAtmosphere.SampleCountMin:4.0]]
[2020.11.09-15.02.12:659][  0]LogConfig: Setting CVar [[r.SkyAtmosphere.SampleCountMax:32.0]]
[2020.11.09-15.02.12:659][  0]LogConfig: Setting CVar [[r.SkyAtmosphere.TransmittanceLUT.UseSmallFormat:0]]
[2020.11.09-15.02.12:659][  0]LogConfig: Setting CVar [[r.SkyAtmosphere.TransmittanceLUT.SampleCount:10.0]]
[2020.11.09-15.02.12:659][  0]LogConfig: Setting CVar [[r.SkyAtmosphere.MultiScatteringLUT.SampleCount:15.0]]
[2020.11.09-15.02.12:659][  0]LogConfig: Applying CVar settings from Section [FoliageQuality@3] File [C:/Users/Axes/Documents/Unreal Projects/JustAnotherHistoryGame/Saved/Config/Windows/Scalability.ini]
[2020.11.09-15.02.12:659][  0]LogConfig: Setting CVar [[foliage.DensityScale:1.0]]
[2020.11.09-15.02.12:659][  0]LogConfig: Setting CVar [[grass.DensityScale:1.0]]
[2020.11.09-15.02.12:659][  0]LogConfig: Applying CVar settings from Section [ShadingQuality@3] File [C:/Users/Axes/Documents/Unreal Projects/JustAnotherHistoryGame/Saved/Config/Windows/Scalability.ini]
[2020.11.09-15.02.12:659][  0]LogConfig: Setting CVar [[r.HairStrands.SkyLighting.SampleCount:16]]
[2020.11.09-15.02.12:659][  0]LogConfig: Setting CVar [[r.HairStrands.SkyLighting.JitterIntegration:0]]
[2020.11.09-15.02.12:659][  0]LogConfig: Setting CVar [[r.HairStrands.SkyAO.SampleCount:16]]
[2020.11.09-15.02.12:659][  0]LogConfig: Setting CVar [[r.HairStrands.DeepShadow.SuperSampling:0]]
[2020.11.09-15.02.12:659][  0]LogConfig: Setting CVar [[r.HairStrands.VisibilityPPLL:0]]
[2020.11.09-15.02.12:659][  0]LogConfig: Setting CVar [[r.HairStrands.RasterizationScale:0.5]]
[2020.11.09-15.02.12:659][  0]LogConfig: Setting CVar [[r.HairStrands.VelocityRasterizationScale:1]]
[2020.11.09-15.02.12:659][  0]LogInit: Selected Device Profile: [Windows]
[2020.11.09-15.02.12:659][  0]LogInit: Applying CVar settings loaded from the selected device profile: [Windows]
[2020.11.09-15.02.12:659][  0]LogHAL: Display: Platform has ~ 16 GB [17125703680 / 17179869184 / 16], which maps to Larger [LargestMinGB=32, LargerMinGB=12, DefaultMinGB=8, SmallerMinGB=6, SmallestMinGB=0)
[2020.11.09-15.02.12:660][  0]LogInit: Going up to parent DeviceProfile []
[2020.11.09-15.02.12:660][  0]LogConfig: Applying CVar settings from Section [ViewDistanceQuality@3] File [C:/Users/Axes/Documents/Unreal Projects/JustAnotherHistoryGame/Saved/Config/Windows/Scalability.ini]
[2020.11.09-15.02.12:660][  0]LogConfig: Setting CVar [[r.SkeletalMeshLODBias:0]]
[2020.11.09-15.02.12:660][  0]LogConfig: Setting CVar [[r.ViewDistanceScale:1.0]]
[2020.11.09-15.02.12:660][  0]LogConfig: Applying CVar settings from Section [AntiAliasingQuality@3] File [C:/Users/Axes/Documents/Unreal Projects/JustAnotherHistoryGame/Saved/Config/Windows/Scalability.ini]
[2020.11.09-15.02.12:660][  0]LogConfig: Setting CVar [[r.PostProcessAAQuality:4]]
[2020.11.09-15.02.12:660][  0]LogConfig: Applying CVar settings from Section [ShadowQuality@3] File [C:/Users/Axes/Documents/Unreal Projects/JustAnotherHistoryGame/Saved/Config/Windows/Scalability.ini]
[2020.11.09-15.02.12:660][  0]LogConfig: Setting CVar [[r.LightFunctionQuality:1]]
[2020.11.09-15.02.12:660][  0]LogConfig: Setting CVar [[r.ShadowQuality:5]]
[2020.11.09-15.02.12:660][  0]LogConfig: Setting CVar [[r.Shadow.CSM.MaxCascades:10]]
[2020.11.09-15.02.12:660][  0]LogConfig: Setting CVar [[r.Shadow.MaxResolution:2048]]
[2020.11.09-15.02.12:660][  0]LogConfig: Setting CVar [[r.Shadow.MaxCSMResolution:2048]]
[2020.11.09-15.02.12:660][  0]LogConfig: Setting CVar [[r.Shadow.RadiusThreshold:0.01]]
[2020.11.09-15.02.12:660][  0]LogConfig: Setting CVar [[r.Shadow.DistanceScale:1.0]]
[2020.11.09-15.02.12:660][  0]LogConfig: Setting CVar [[r.Shadow.CSM.TransitionScale:1.0]]
[2020.11.09-15.02.12:660][  0]LogConfig: Setting CVar [[r.Shadow.PreShadowResolutionFactor:1.0]]
[2020.11.09-15.02.12:660][  0]LogConfig: Setting CVar [[r.DistanceFieldShadowing:1]]
[2020.11.09-15.02.12:660][  0]LogConfig: Setting CVar [[r.DistanceFieldAO:1]]
[2020.11.09-15.02.12:660][  0]LogConfig: Setting CVar [[r.AOQuality:2]]
[2020.11.09-15.02.12:660][  0]LogConfig: Setting CVar [[r.VolumetricFog:1]]
[2020.11.09-15.02.12:660][  0]LogConfig: Setting CVar [[r.VolumetricFog.GridPixelSize:8]]
[2020.11.09-15.02.12:660][  0]LogConfig: Setting CVar [[r.VolumetricFog.GridSizeZ:128]]
[2020.11.09-15.02.12:660][  0]LogConfig: Setting CVar [[r.VolumetricFog.HistoryMissSupersampleCount:4]]
[2020.11.09-15.02.12:660][  0]LogConfig: Setting CVar [[r.LightMaxDrawDistanceScale:1]]
[2020.11.09-15.02.12:660][  0]LogConfig: Setting CVar [[r.CapsuleShadows:1]]
[2020.11.09-15.02.12:660][  0]LogConfig: Applying CVar settings from Section [PostProcessQuality@3] File [C:/Users/Axes/Documents/Unreal Projects/JustAnotherHistoryGame/Saved/Config/Windows/Scalability.ini]
[2020.11.09-15.02.12:660][  0]LogConfig: Setting CVar [[r.MotionBlurQuality:4]]
[2020.11.09-15.02.12:660][  0]LogConfig: Setting CVar [[r.AmbientOcclusionMipLevelFactor:0.4]]
[2020.11.09-15.02.12:660][  0]LogConfig: Setting CVar [[r.AmbientOcclusionMaxQuality:100]]
[2020.11.09-15.02.12:660][  0]LogConfig: Setting CVar [[r.AmbientOcclusionLevels:-1]]
[2020.11.09-15.02.12:660][  0]LogConfig: Setting CVar [[r.AmbientOcclusionRadiusScale:1.0]]
[2020.11.09-15.02.12:660][  0]LogConfig: Setting CVar [[r.DepthOfFieldQuality:2]]
[2020.11.09-15.02.12:660][  0]LogConfig: Setting CVar [[r.RenderTargetPoolMin:400]]
[2020.11.09-15.02.12:660][  0]LogConfig: Setting CVar [[r.LensFlareQuality:2]]
[2020.11.09-15.02.12:660][  0]LogConfig: Setting CVar [[r.SceneColorFringeQuality:1]]
[2020.11.09-15.02.12:660][  0]LogConfig: Setting CVar [[r.EyeAdaptationQuality:2]]
[2020.11.09-15.02.12:660][  0]LogConfig: Setting CVar [[r.BloomQuality:5]]
[2020.11.09-15.02.12:660][  0]LogConfig: Setting CVar [[r.FastBlurThreshold:100]]
[2020.11.09-15.02.12:660][  0]LogConfig: Setting CVar [[r.Upscale.Quality:3]]
[2020.11.09-15.02.12:660][  0]LogConfig: Setting CVar [[r.Tonemapper.GrainQuantization:1]]
[2020.11.09-15.02.12:660][  0]LogConfig: Setting CVar [[r.LightShaftQuality:1]]
[2020.11.09-15.02.12:660][  0]LogConfig: Setting CVar [[r.Filter.SizeScale:1]]
[2020.11.09-15.02.12:660][  0]LogConfig: Setting CVar [[r.Tonemapper.Quality:5]]
[2020.11.09-15.02.12:660][  0]LogConfig: Setting CVar [[r.DOF.Gather.AccumulatorQuality:1        ; higher gathering accumulator quality]]
[2020.11.09-15.02.12:660][  0]LogConfig: Setting CVar [[r.DOF.Gather.PostfilterMethod:1          ; Median3x3 postfilering method]]
[2020.11.09-15.02.12:660][  0]LogConfig: Setting CVar [[r.DOF.Gather.EnableBokehSettings:0       ; no bokeh simulation when gathering]]
[2020.11.09-15.02.12:660][  0]LogConfig: Setting CVar [[r.DOF.Gather.RingCount:4                 ; medium number of samples when gathering]]
[2020.11.09-15.02.12:660][  0]LogConfig: Setting CVar [[r.DOF.Scatter.ForegroundCompositing:1    ; additive foreground scattering]]
[2020.11.09-15.02.12:660][  0]LogConfig: Setting CVar [[r.DOF.Scatter.BackgroundCompositing:2    ; additive background scattering]]
[2020.11.09-15.02.12:660][  0]LogConfig: Setting CVar [[r.DOF.Scatter.EnableBokehSettings:1      ; bokeh simulation when scattering]]
[2020.11.09-15.02.12:660][  0]LogConfig: Setting CVar [[r.DOF.Scatter.MaxSpriteRatio:0.1         ; only a maximum of 10% of scattered bokeh]]
[2020.11.09-15.02.12:660][  0]LogConfig: Setting CVar [[r.DOF.Recombine.Quality:1                ; cheap slight out of focus]]
[2020.11.09-15.02.12:660][  0]LogConfig: Setting CVar [[r.DOF.Recombine.EnableBokehSettings:0    ; no bokeh simulation on slight out of focus]]
[2020.11.09-15.02.12:660][  0]LogConfig: Setting CVar [[r.DOF.TemporalAAQuality:1                ; more stable temporal accumulation]]
[2020.11.09-15.02.12:660][  0]LogConfig: Setting CVar [[r.DOF.Kernel.MaxForegroundRadius:0.025]]
[2020.11.09-15.02.12:660][  0]LogConfig: Setting CVar [[r.DOF.Kernel.MaxBackgroundRadius:0.025]]
[2020.11.09-15.02.12:660][  0]LogConfig: Applying CVar settings from Section [TextureQuality@3] File [C:/Users/Axes/Documents/Unreal Projects/JustAnotherHistoryGame/Saved/Config/Windows/Scalability.ini]
[2020.11.09-15.02.12:660][  0]LogConfig: Setting CVar [[r.Streaming.MipBias:0]]
[2020.11.09-15.02.12:660][  0]LogConfig: Setting CVar [[r.Streaming.AmortizeCPUToGPUCopy:0]]
[2020.11.09-15.02.12:660][  0]LogConfig: Setting CVar [[r.Streaming.MaxNumTexturesToStreamPerFrame:0]]
[2020.11.09-15.02.12:660][  0]LogConfig: Setting CVar [[r.Streaming.Boost:1]]
[2020.11.09-15.02.12:660][  0]LogConfig: Setting CVar [[r.MaxAnisotropy:8]]
[2020.11.09-15.02.12:660][  0]LogConfig: Setting CVar [[r.VT.MaxAnisotropy:8]]
[2020.11.09-15.02.12:660][  0]LogConfig: Setting CVar [[r.Streaming.LimitPoolSizeToVRAM:0]]
[2020.11.09-15.02.12:660][  0]LogConfig: Setting CVar [[r.Streaming.PoolSize:1000]]
[2020.11.09-15.02.12:660][  0]LogConfig: Setting CVar [[r.Streaming.MaxEffectiveScreenSize:0]]
[2020.11.09-15.02.12:660][  0]LogConfig: Applying CVar settings from Section [EffectsQuality@3] File [C:/Users/Axes/Documents/Unreal Projects/JustAnotherHistoryGame/Saved/Config/Windows/Scalability.ini]
[2020.11.09-15.02.12:661][  0]LogConfig: Setting CVar [[r.TranslucencyLightingVolumeDim:64]]
[2020.11.09-15.02.12:661][  0]LogConfig: Setting CVar [[r.RefractionQuality:2]]
[2020.11.09-15.02.12:661][  0]LogConfig: Setting CVar [[r.SSR.Quality:3]]
[2020.11.09-15.02.12:661][  0]LogConfig: Setting CVar [[r.SSR.HalfResSceneColor:0]]
[2020.11.09-15.02.12:661][  0]LogConfig: Setting CVar [[r.SceneColorFormat:4]]
[2020.11.09-15.02.12:661][  0]LogConfig: Setting CVar [[r.DetailMode:2]]
[2020.11.09-15.02.12:661][  0]LogConfig: Setting CVar [[r.TranslucencyVolumeBlur:1]]
[2020.11.09-15.02.12:661][  0]LogConfig: Setting CVar [[r.MaterialQualityLevel:1 ; High quality]]
[2020.11.09-15.02.12:661][  0]LogConfig: Setting CVar [[r.SSS.Scale:1]]
[2020.11.09-15.02.12:661][  0]LogConfig: Setting CVar [[r.SSS.SampleSet:2]]
[2020.11.09-15.02.12:661][  0]LogConfig: Setting CVar [[r.SSS.Quality:1]]
[2020.11.09-15.02.12:661][  0]LogConfig: Setting CVar [[r.SSS.HalfRes:0]]
[2020.11.09-15.02.12:661][  0]LogConfig: Setting CVar [[r.SSGI.Quality:3]]
[2020.11.09-15.02.12:661][  0]LogConfig: Setting CVar [[r.EmitterSpawnRateScale:1.0]]
[2020.11.09-15.02.12:661][  0]LogConfig: Setting CVar [[r.ParticleLightQuality:2]]
[2020.11.09-15.02.12:661][  0]LogConfig: Setting CVar [[r.SkyAtmosphere.AerialPerspectiveLUT.FastApplyOnOpaque:1 ; Always have FastSkyLUT 1 in this case to avoid wrong sky]]
[2020.11.09-15.02.12:661][  0]LogConfig: Setting CVar [[r.SkyAtmosphere.AerialPerspectiveLUT.SampleCountPerSlice:1]]
[2020.11.09-15.02.12:661][  0]LogConfig: Setting CVar [[r.SkyAtmosphere.AerialPerspectiveLUT.DepthResolution:16.0]]
[2020.11.09-15.02.12:661][  0]LogConfig: Setting CVar [[r.SkyAtmosphere.FastSkyLUT:1]]
[2020.11.09-15.02.12:661][  0]LogConfig: Setting CVar [[r.SkyAtmosphere.FastSkyLUT.SampleCountMin:4.0]]
[2020.11.09-15.02.12:661][  0]LogConfig: Setting CVar [[r.SkyAtmosphere.FastSkyLUT.SampleCountMax:32.0]]
[2020.11.09-15.02.12:661][  0]LogConfig: Setting CVar [[r.SkyAtmosphere.SampleCountMin:4.0]]
[2020.11.09-15.02.12:661][  0]LogConfig: Setting CVar [[r.SkyAtmosphere.SampleCountMax:32.0]]
[2020.11.09-15.02.12:661][  0]LogConfig: Setting CVar [[r.SkyAtmosphere.TransmittanceLUT.UseSmallFormat:0]]
[2020.11.09-15.02.12:661][  0]LogConfig: Setting CVar [[r.SkyAtmosphere.TransmittanceLUT.SampleCount:10.0]]
[2020.11.09-15.02.12:661][  0]LogConfig: Setting CVar [[r.SkyAtmosphere.MultiScatteringLUT.SampleCount:15.0]]
[2020.11.09-15.02.12:661][  0]LogConfig: Applying CVar settings from Section [FoliageQuality@3] File [C:/Users/Axes/Documents/Unreal Projects/JustAnotherHistoryGame/Saved/Config/Windows/Scalability.ini]
[2020.11.09-15.02.12:661][  0]LogConfig: Setting CVar [[foliage.DensityScale:1.0]]
[2020.11.09-15.02.12:661][  0]LogConfig: Setting CVar [[grass.DensityScale:1.0]]
[2020.11.09-15.02.12:661][  0]LogConfig: Applying CVar settings from Section [ShadingQuality@3] File [C:/Users/Axes/Documents/Unreal Projects/JustAnotherHistoryGame/Saved/Config/Windows/Scalability.ini]
[2020.11.09-15.02.12:661][  0]LogConfig: Setting CVar [[r.HairStrands.SkyLighting.SampleCount:16]]
[2020.11.09-15.02.12:661][  0]LogConfig: Setting CVar [[r.HairStrands.SkyLighting.JitterIntegration:0]]
[2020.11.09-15.02.12:661][  0]LogConfig: Setting CVar [[r.HairStrands.SkyAO.SampleCount:16]]
[2020.11.09-15.02.12:661][  0]LogConfig: Setting CVar [[r.HairStrands.DeepShadow.SuperSampling:0]]
[2020.11.09-15.02.12:661][  0]LogConfig: Setting CVar [[r.HairStrands.VisibilityPPLL:0]]
[2020.11.09-15.02.12:661][  0]LogConfig: Setting CVar [[r.HairStrands.RasterizationScale:0.5]]
[2020.11.09-15.02.12:661][  0]LogConfig: Setting CVar [[r.HairStrands.VelocityRasterizationScale:1]]
[2020.11.09-15.02.12:661][  0]LogConfig: Applying CVar settings from Section [Startup] File [../../../Engine/Config/ConsoleVariables.ini]
[2020.11.09-15.02.12:661][  0]LogConfig: Setting CVar [[net.UseAdaptiveNetUpdateFrequency:0]]
[2020.11.09-15.02.12:661][  0]LogConfig: Setting CVar [[p.chaos.AllowCreatePhysxBodies:1]]
[2020.11.09-15.02.12:661][  0]LogConfig: Setting CVar [[fx.SkipVectorVMBackendOptimizations:1]]
[2020.11.09-15.02.12:661][  0]LogConfig: Applying CVar settings from Section [ConsoleVariables] File [C:/Users/Axes/Documents/Unreal Projects/JustAnotherHistoryGame/Saved/Config/Windows/Engine.ini]
[2020.11.09-15.02.12:661][  0]LogInit: Computer: DESKTOP-3P35MEJ
[2020.11.09-15.02.12:661][  0]LogInit: User: Axes
[2020.11.09-15.02.12:661][  0]LogInit: CPU Page size=4096, Cores=6
[2020.11.09-15.02.12:662][  0]LogInit: High frequency timer resolution =10.000000 MHz
[2020.11.09-15.02.12:662][  0]LogMemory: Memory total: Physical=15.9GB (16GB approx)
[2020.11.09-15.02.12:662][  0]LogMemory: Platform Memory Stats for Windows
[2020.11.09-15.02.12:662][  0]LogMemory: Process Physical Memory: 115.35 MB used, 115.36 MB peak
[2020.11.09-15.02.12:662][  0]LogMemory: Process Virtual Memory: 97.11 MB used, 97.11 MB peak
[2020.11.09-15.02.12:662][  0]LogMemory: Physical Memory: 5346.11 MB used,  10986.24 MB free, 16332.34 MB total
[2020.11.09-15.02.12:662][  0]LogMemory: Virtual Memory: 5164.86 MB used,  134212560.00 MB free, 134217728.00 MB total
[2020.11.09-15.02.12:667][  0]LogWindows: WindowsPlatformFeatures enabled
[2020.11.09-15.02.12:701][  0]LogInit: Physics initialised using underlying interface: PhysX
[2020.11.09-15.02.12:702][  0]LogInit: Using OS detected language (en-US).
[2020.11.09-15.02.12:702][  0]LogInit: Using OS detected locale (en-US).
[2020.11.09-15.02.12:707][  0]LogTextLocalizationManager: No specific localization for 'en-US' exists, so the 'en' localization will be used.
[2020.11.09-15.02.12:892][  0]LogInit: Setting process to per monitor DPI aware
[2020.11.09-15.02.12:927][  0]LogSlate: New Slate User Created.  User Index 0, Is Virtual User: 0
[2020.11.09-15.02.12:927][  0]LogSlate: Slate User Registered.  User Index 0, Is Virtual User: 0
[2020.11.09-15.02.13:149][  0]LogHMD: Failed to initialize OpenVR with code 208
[2020.11.09-15.02.13:150][  0]LogD3D11RHI: D3D11 min allowed feature level: 11_0
[2020.11.09-15.02.13:150][  0]LogD3D11RHI: D3D11 max allowed feature level: 11_0
[2020.11.09-15.02.13:150][  0]LogD3D11RHI: D3D11 adapters:
[2020.11.09-15.02.13:250][  0]LogD3D11RHI:    0. 'NVIDIA GeForce GTX 1660 Ti' (Feature Level 11_0)
[2020.11.09-15.02.13:250][  0]LogD3D11RHI:       5991/0/8166 MB DedicatedVideo/DedicatedSystem/SharedSystem, Outputs:1, VendorId:0x10de
[2020.11.09-15.02.13:252][  0]LogD3D11RHI:    1. 'Microsoft Basic Render Driver' (Feature Level 11_0)
[2020.11.09-15.02.13:252][  0]LogD3D11RHI:       0/0/8166 MB DedicatedVideo/DedicatedSystem/SharedSystem, Outputs:0, VendorId:0x1414
[2020.11.09-15.02.13:253][  0]LogD3D11RHI: Chosen D3D11 Adapter: 0
[2020.11.09-15.02.13:261][  0]LogD3D11RHI: Creating new Direct3DDevice
[2020.11.09-15.02.13:261][  0]LogD3D11RHI:     GPU DeviceId: 0x2182 (for the marketing name, search the web for "GPU Device Id")
[2020.11.09-15.02.13:261][  0]LogWindows: EnumDisplayDevices:
[2020.11.09-15.02.13:261][  0]LogWindows:    0. 'NVIDIA GeForce GTX 1660 Ti' (P:1 D:1)
[2020.11.09-15.02.13:262][  0]LogWindows:    1. 'NVIDIA GeForce GTX 1660 Ti' (P:0 D:0)
[2020.11.09-15.02.13:262][  0]LogWindows:    2. 'NVIDIA GeForce GTX 1660 Ti' (P:0 D:0)
[2020.11.09-15.02.13:262][  0]LogWindows:    3. 'NVIDIA GeForce GTX 1660 Ti' (P:0 D:0)
[2020.11.09-15.02.13:262][  0]LogWindows: DebugString: FoundDriverCount:4 
[2020.11.09-15.02.13:262][  0]LogD3D11RHI:     Adapter Name: NVIDIA GeForce GTX 1660 Ti
[2020.11.09-15.02.13:262][  0]LogD3D11RHI:   Driver Version: 451.82 (internal:27.21.14.5182, unified:451.82)
[2020.11.09-15.02.13:262][  0]LogD3D11RHI:      Driver Date: 7-19-2020
[2020.11.09-15.02.13:262][  0]LogRHI: Texture pool is 4193 MB (70% of 5991 MB)
[2020.11.09-15.02.13:326][  0]LogD3D11RHI: RHI has support for 64 bit atomics
[2020.11.09-15.02.13:326][  0]LogD3D11RHI: Async texture creation enabled
[2020.11.09-15.02.13:326][  0]LogD3D11RHI: Array index from any shader is supported
[2020.11.09-15.02.13:346][  0]LogD3D11RHI: GPU Timing Frequency: 1000.000000 (Debug: 2 1)
[2020.11.09-15.02.13:624][  0]LogTargetPlatformManager: Display: Loaded TargetPlatform 'AllDesktop'
[2020.11.09-15.02.13:649][  0]LogTargetPlatformManager: Display: Loaded TargetPlatform 'Android'
[2020.11.09-15.02.13:649][  0]LogTargetPlatformManager: Display: Loaded TargetPlatform 'Android_ASTC'
[2020.11.09-15.02.13:649][  0]LogTargetPlatformManager: Display: Loaded TargetPlatform 'Android_DXT'
[2020.11.09-15.02.13:649][  0]LogTargetPlatformManager: Display: Loaded TargetPlatform 'Android_ETC2'
[2020.11.09-15.02.13:649][  0]LogTargetPlatformManager: Display: Loaded TargetPlatform 'AndroidClient'
[2020.11.09-15.02.13:649][  0]LogTargetPlatformManager: Display: Loaded TargetPlatform 'Android_ASTCClient'
[2020.11.09-15.02.13:649][  0]LogTargetPlatformManager: Display: Loaded TargetPlatform 'Android_DXTClient'
[2020.11.09-15.02.13:649][  0]LogTargetPlatformManager: Display: Loaded TargetPlatform 'Android_ETC2Client'
[2020.11.09-15.02.13:649][  0]LogTargetPlatformManager: Display: Loaded TargetPlatform 'Android_Multi'
[2020.11.09-15.02.13:649][  0]LogTargetPlatformManager: Display: Loaded TargetPlatform 'Android_MultiClient'
[2020.11.09-15.02.13:677][  0]LogTargetPlatformManager: Display: Loaded TargetPlatform 'IOSClient'
[2020.11.09-15.02.13:677][  0]LogTargetPlatformManager: Display: Loaded TargetPlatform 'IOS'
[2020.11.09-15.02.13:690][  0]LogTargetPlatformManager: Display: Loaded TargetPlatform 'Linux'
[2020.11.09-15.02.13:701][  0]LogTargetPlatformManager: Display: Loaded TargetPlatform 'LinuxNoEditor'
[2020.11.09-15.02.13:712][  0]LogTargetPlatformManager: Display: Loaded TargetPlatform 'LinuxClient'
[2020.11.09-15.02.13:723][  0]LogTargetPlatformManager: Display: Loaded TargetPlatform 'LinuxServer'
[2020.11.09-15.02.13:734][  0]LogTargetPlatformManager: Display: Loaded TargetPlatform 'LinuxAArch64NoEditor'
[2020.11.09-15.02.13:745][  0]LogTargetPlatformManager: Display: Loaded TargetPlatform 'LinuxAArch64Client'
[2020.11.09-15.02.13:756][  0]LogTargetPlatformManager: Display: Loaded TargetPlatform 'LinuxAArch64Server'
[2020.11.09-15.02.13:787][  0]LogTargetPlatformManager: Display: Loaded TargetPlatform 'Lumin'
[2020.11.09-15.02.13:787][  0]LogTargetPlatformManager: Display: Loaded TargetPlatform 'LuminClient'
[2020.11.09-15.02.13:807][  0]LogTargetPlatformManager: Display: Loaded TargetPlatform 'TVOSClient'
[2020.11.09-15.02.13:807][  0]LogTargetPlatformManager: Display: Loaded TargetPlatform 'TVOS'
[2020.11.09-15.02.13:818][  0]LogTargetPlatformManager: Display: Loaded TargetPlatform 'WindowsNoEditor'
[2020.11.09-15.02.13:830][  0]LogTargetPlatformManager: Display: Loaded TargetPlatform 'Windows'
[2020.11.09-15.02.13:842][  0]LogTargetPlatformManager: Display: Loaded TargetPlatform 'WindowsClient'
[2020.11.09-15.02.13:853][  0]LogTargetPlatformManager: Display: Loaded TargetPlatform 'WindowsServer'
[2020.11.09-15.02.13:853][  0]LogTargetPlatformManager: Display: Building Assets For Windows
[2020.11.09-15.02.13:861][  0]LogAudioDebug: Display: Lib vorbis DLL was dynamically loaded.
[2020.11.09-15.02.13:927][  0]LogShaderCompilers: Guid format shader working directory is -33 characters bigger than the processId version (../../../../../../Users/Axes/Documents/Unreal Projects/JustAnotherHistoryGame/Intermediate/Shaders/WorkingDirectory/19512/).
[2020.11.09-15.02.13:928][  0]LogShaderCompilers: Cleaned the shader compiler working directory 'C:/Users/Axes/AppData/Local/Temp/UnrealShaderWorkingDir/83B7DF214D8BFB9D9576028E3C6E43DB/'.
[2020.11.09-15.02.13:928][  0]LogXGEController: Cannot use XGE Controller as Incredibuild is not installed on this machine.
[2020.11.09-15.02.13:928][  0]LogShaderCompilers: Cannot use XGE Shader Compiler as Incredibuild is not installed on this machine.
[2020.11.09-15.02.13:928][  0]LogShaderCompilers: Display: Using Local Shader Compiler.
[2020.11.09-15.02.14:762][  0]LogDerivedDataCache: Display: Max Cache Size: 512 MB
[2020.11.09-15.02.14:817][  0]LogDerivedDataCache: Loaded boot cache 0.05s 92MB C:/Users/Axes/AppData/Local/UnrealEngine/4.25/DerivedDataCache/Boot.ddc.
[2020.11.09-15.02.14:817][  0]LogDerivedDataCache: Display: Loaded Boot cache: C:/Users/Axes/AppData/Local/UnrealEngine/4.25/DerivedDataCache/Boot.ddc
[2020.11.09-15.02.14:817][  0]LogDerivedDataCache: FDerivedDataBackendGraph:  Pak pak cache file ../../../../../../Users/Axes/Documents/Unreal Projects/JustAnotherHistoryGame/DerivedDataCache/DDC.ddp not found, will not use a pak cache.
[2020.11.09-15.02.14:817][  0]LogDerivedDataCache: Unable to find inner node Pak for hierarchical cache Hierarchy.
[2020.11.09-15.02.14:818][  0]LogDerivedDataCache: FDerivedDataBackendGraph:  CompressedPak pak cache file ../../../../../../Users/Axes/Documents/Unreal Projects/JustAnotherHistoryGame/DerivedDataCache/Compressed.ddp not found, will not use a pak cache.
[2020.11.09-15.02.14:818][  0]LogDerivedDataCache: Unable to find inner node CompressedPak for hierarchical cache Hierarchy.
[2020.11.09-15.02.14:829][  0]LogDerivedDataCache: Display: Pak cache opened for reading ../../../Engine/DerivedDataCache/Compressed.ddp.
[2020.11.09-15.02.14:830][  0]LogDerivedDataCache: FDerivedDataBackendGraph:  EnterprisePak pak cache file ../../../Enterprise/DerivedDataCache/Compressed.ddp not found, will not use a pak cache.
[2020.11.09-15.02.14:830][  0]LogDerivedDataCache: Unable to find inner node EnterprisePak for hierarchical cache Hierarchy.
[2020.11.09-15.02.14:831][  0]LogDerivedDataCache: Using Local data cache path C:/Users/Axes/AppData/Local/UnrealEngine/Common/DerivedDataCache: Writable
[2020.11.09-15.02.14:831][  0]LogDerivedDataCache: Shared data cache path not found in *engine.ini, will not use an Shared cache.
[2020.11.09-15.02.14:831][  0]LogDerivedDataCache: Unable to find inner node Shared for hierarchical cache Hierarchy.
[2020.11.09-15.02.14:887][  0]LogSlate: Using FreeType 2.10.0
[2020.11.09-15.02.14:888][  0]LogSlate: SlateFontServices - WITH_FREETYPE: 1, WITH_HARFBUZZ: 1
[2020.11.09-15.02.14:911][  0]LogAssetRegistry: FAssetRegistry took 0.0028 seconds to start up
[2020.11.09-15.02.15:175][  0]LogInit: Selected Device Profile: [Windows]
[2020.11.09-15.02.15:295][  0]LogMeshReduction: Using QuadricMeshReduction for automatic static mesh reduction
[2020.11.09-15.02.15:295][  0]LogMeshReduction: Using SimplygonMeshReduction for automatic skeletal mesh reduction
[2020.11.09-15.02.15:295][  0]LogMeshReduction: Using ProxyLODMeshReduction for automatic mesh merging
[2020.11.09-15.02.15:295][  0]LogMeshReduction: No distributed automatic mesh merging module available
[2020.11.09-15.02.15:295][  0]LogMeshMerging: No distributed automatic mesh merging module available
[2020.11.09-15.02.15:311][  0]LogNetVersion: JustAnotherGame 1.0.0, NetCL: 13144385, EngineNetVer: 14, GameNetVer: 0 (Checksum: 3690978495)
[2020.11.09-15.02.15:736][  0]LogAISub: UAISubsystem::UAISubsystem AISubsystem (00000162D0459400), frame # 0
[2020.11.09-15.02.15:736][  0]LogAISub: UAISubsystem::UAISubsystem AIPerceptionSystem (00000162D03D8400), frame # 0
[2020.11.09-15.02.15:738][  0]LogAISub: UAISubsystem::UAISubsystem EnvQueryManager (00000162D0420800), frame # 0
[2020.11.09-15.02.15:827][  0]LogPackageLocalizationCache: Processed 22 localized package path(s) for 1 prioritized culture(s) in 0.082244 seconds
[2020.11.09-15.02.15:832][  0]LogUObjectArray: 15917 objects as part of root set at end of initial load.
[2020.11.09-15.02.15:832][  0]LogUObjectAllocator: 3965568 out of 0 bytes used by permanent object pool.
[2020.11.09-15.02.15:832][  0]LogUObjectArray: CloseDisregardForGC: 0/0 objects in disregard for GC pool
[2020.11.09-15.02.16:203][  0]LogTcpMessaging: Initializing TcpMessaging bridge
[2020.11.09-15.02.16:208][  0]LogUdpMessaging: Initializing bridge on interface 0.0.0.0:0 to multicast group 230.0.0.1:6666.
[2020.11.09-15.02.16:304][  0]SourceControl: Source control is disabled
[2020.11.09-15.02.16:304][  0]SourceControl: Source control is disabled
[2020.11.09-15.02.16:307][  0]SourceControl: Source control is disabled
[2020.11.09-15.02.16:311][  0]SourceControl: Source control is disabled
[2020.11.09-15.02.16:318][  0]SourceControl: Source control is disabled
[2020.11.09-15.02.16:662][  0]LogImageWrapper: Warning: PNG Warning: Duplicate iCCP chunk
[2020.11.09-15.02.16:662][  0]LogImageWrapper: Warning: PNG Warning: Duplicate iCCP chunk
[2020.11.09-15.02.16:805][  0]LogImageWrapper: Warning: PNG Warning: Duplicate iCCP chunk
[2020.11.09-15.02.16:805][  0]LogImageWrapper: Warning: PNG Warning: Duplicate iCCP chunk
[2020.11.09-15.02.17:198][  0]LogAndroidPermission: UAndroidPermissionCallbackProxy::GetInstance
[2020.11.09-15.02.17:222][  0]LogAudioCaptureCore: Display: No Audio Capture implementations found. Audio input will be silent.
[2020.11.09-15.02.17:222][  0]LogAudioCaptureCore: Display: No Audio Capture implementations found. Audio input will be silent.
[2020.11.09-15.02.17:272][  0]LogOcInput: OculusInput pre-init called
[2020.11.09-15.02.17:284][  0]LogWindows: Failed to load 'OVRPlugin.dll' (GetLastError=126)
[2020.11.09-15.02.17:284][  0]LogWindows: File 'OVRPlugin.dll' does not exist
[2020.11.09-15.02.17:356][  0]LogEngine: Initializing Engine...
[2020.11.09-15.02.17:416][  0]LogHMD: Failed to initialize OpenVR with code 208
[2020.11.09-15.02.17:416][  0]LogMagicLeap: Warning: VR disabled because ZI is not enabled.  To enable, in the editor, Edit -> Project Settings -> Plugins -> Magic Leap Plugin -> Enable Zero Iteration
[2020.11.09-15.02.17:417][  0]LogStats: UGameplayTagsManager::InitializeManager -  0.000 s
[2020.11.09-15.02.17:536][  0]LogInit: Initializing FReadOnlyCVARCache
[2020.11.09-15.02.17:544][  0]LogAIModule: Creating AISystem for world Untitled
[2020.11.09-15.02.17:544][  0]LogAISub: UAISubsystem::UAISubsystem EnvQueryManager (00000162DBDB9E00), frame # 0
[2020.11.09-15.02.17:544][  0]LogAISub: UAISubsystem::UAISubsystem AIPerceptionSystem (00000162DBDD65C0), frame # 0
[2020.11.09-15.02.17:556][  0]LogAudioMixer: Display: Audio Mixer Platform Settings:
[2020.11.09-15.02.17:556][  0]LogAudioMixer: Display: 	Sample Rate:						  48000
[2020.11.09-15.02.17:556][  0]LogAudioMixer: Display: 	Callback Buffer Frame Size Requested: 1024
[2020.11.09-15.02.17:556][  0]LogAudioMixer: Display: 	Callback Buffer Frame Size To Use:	  1024
[2020.11.09-15.02.17:556][  0]LogAudioMixer: Display: 	Number of buffers to queue:			  2
[2020.11.09-15.02.17:556][  0]LogAudioMixer: Display: 	Max Channels (voices):				  32
[2020.11.09-15.02.17:556][  0]LogAudioMixer: Display: 	Number of Async Source Workers:		  0
[2020.11.09-15.02.17:556][  0]LogAudio: Display: AudioDevice MaxSources: 32
[2020.11.09-15.02.17:556][  0]LogAudio: Display: Using built-in audio occlusion.
[2020.11.09-15.02.17:556][  0]LogAudioMixer: Display: Initializing audio mixer.
[2020.11.09-15.02.17:571][  0]LogAudioMixer: Display: 0: FrontLeft
[2020.11.09-15.02.17:571][  0]LogAudioMixer: Display: 1: FrontRight
[2020.11.09-15.02.17:622][  0]LogAudioMixer: Display: Using Audio Device Headset Earphone (Jabra EVOLVE LINK MS)
[2020.11.09-15.02.17:623][  0]LogAudioMixer: Display: Initializing Sound Submixes...
[2020.11.09-15.02.17:626][  0]LogAudioMixer: Display: Creating Master Submix 'MasterSubmixDefault'
[2020.11.09-15.02.17:626][  0]LogAudioMixer: Display: Creating Master Submix 'MasterReverbSubmixDefault'
[2020.11.09-15.02.17:627][  0]LogAudioMixer: Display: Creating Master Submix 'MasterEQSubmixDefault'
[2020.11.09-15.02.17:628][  0]LogInit: FAudioDevice initialized.
[2020.11.09-15.02.17:628][  0]LogNetVersion: Set ProjectVersion to 1.0.0.0. Version Checksum will be recalculated on next use.
[2020.11.09-15.02.17:713][  0]LogDerivedDataCache: Saved boot cache 0.09s 92MB C:/Users/Axes/AppData/Local/UnrealEngine/4.25/DerivedDataCache/Boot.ddc.
[2020.11.09-15.02.17:718][  0]LogInit: Texture streaming: Enabled
[2020.11.09-15.02.17:735][  0]LogEngineSessionManager: EngineSessionManager initialized
[2020.11.09-15.02.17:735][  0]LogEditorSessionSummary: Verbose: Initializing EditorSessionSummaryWriter for editor session tracking
[2020.11.09-15.02.17:737][  0]LogEditorSessionSummary: EditorSessionSummaryWriter initialized
[2020.11.09-15.02.17:814][  0]LogInit: Transaction tracking system initialized
[2020.11.09-15.02.17:838][  0]BlueprintLog: New page: Editor Load
[2020.11.09-15.02.17:925][  0]LocalizationService: Localization service is disabled
[2020.11.09-15.02.18:100][  0]LogCook: Display: Max memory allowance for cook 16384mb min free memory 0mb
[2020.11.09-15.02.18:100][  0]LogCook: Display: Mobile HDR setting 1
[2020.11.09-15.02.18:635][  0]LogFileCache: Scanning file cache for directory 'C:/Users/Axes/Documents/Unreal Projects/JustAnotherHistoryGame/Content/' took 0.01s
[2020.11.09-15.02.18:813][  0]LogImageWrapper: Warning: PNG Warning: Duplicate iCCP chunk
[2020.11.09-15.02.18:813][  0]LogImageWrapper: Warning: PNG Warning: Duplicate iCCP chunk
[2020.11.09-15.02.18:813][  0]SourceControl: Source control is disabled
[2020.11.09-15.02.18:813][  0]LogUnrealEdMisc: Loading editor; pre map load, took 8.079
[2020.11.09-15.02.18:814][  0]Cmd: MAP LOAD FILE="../../../Engine/Content/Maps/Templates/Template_Default.umap" TEMPLATE=1 SHOWPROGRESS=1 FEATURELEVEL=3
[2020.11.09-15.02.18:814][  0]LightingResults: New page: Lighting Build
[2020.11.09-15.02.18:815][  0]LogWorld: UWorld::CleanupWorld for Untitled, bSessionEnded=true, bCleanupResources=true
[2020.11.09-15.02.18:815][  0]LogSlate: InvalidateAllWidgets triggered.  All widgets were invalidated
[2020.11.09-15.02.18:815][  0]MapCheck: New page: Map Check
[2020.11.09-15.02.18:815][  0]LightingResults: New page: Lighting Build
[2020.11.09-15.02.18:833][  0]LogAISub: UAISubsystem::~UAISubsystem EnvQueryManager (00000162DBDB9E00), frame # 0
[2020.11.09-15.02.18:833][  0]LogAISub: UAISubsystem::~UAISubsystem AIPerceptionSystem (00000162DBDD65C0), frame # 0
[2020.11.09-15.02.18:834][  0]LogUObjectHash: Compacting FUObjectHashTables data took   0.85ms
[2020.11.09-15.02.18:906][  0]LogAIModule: Creating AISystem for world Untitled_1
[2020.11.09-15.02.18:906][  0]LogAISub: UAISubsystem::UAISubsystem EnvQueryManager (00000162C053CA00), frame # 0
[2020.11.09-15.02.18:906][  0]LogAISub: UAISubsystem::UAISubsystem AIPerceptionSystem (00000162C0669A80), frame # 0
[2020.11.09-15.02.18:910][  0]LogEditorServer: Finished looking for orphan Actors (0.000 secs)
[2020.11.09-15.02.18:925][  0]LogUObjectHash: Compacting FUObjectHashTables data took   1.12ms
[2020.11.09-15.02.18:926][  0]Cmd: MAP CHECKDEP NOCLEARLOG
[2020.11.09-15.02.18:926][  0]MapCheck: Map check complete: 0 Error(s), 0 Warning(s), took 0.208ms to complete.
[2020.11.09-15.02.18:926][  0]LogFileHelpers: Loading map 'Template_Default' took 0.113
[2020.11.09-15.02.18:931][  0]LogUnrealEdMisc: Total Editor Startup Time, took 8.196
[2020.11.09-15.02.19:082][  0]LogSlate: Updating window title bar state: overlay mode, drag disabled, window buttons hidden, title bar hidden
[2020.11.09-15.02.19:090][  0]LogSlate: Updating window title bar state: overlay mode, drag disabled, window buttons hidden, title bar hidden
[2020.11.09-15.02.19:098][  0]LogSlate: Updating window title bar state: overlay mode, drag disabled, window buttons hidden, title bar hidden
[2020.11.09-15.02.19:106][  0]LogSlate: Updating window title bar state: overlay mode, drag disabled, window buttons hidden, title bar hidden
[2020.11.09-15.02.19:118][  0]LogCollectionManager: Loaded 0 collections in 0.002529 seconds
[2020.11.09-15.02.19:151][  0]LogFileCache: Scanning file cache for directory 'C:/Users/Axes/Documents/Unreal Projects/JustAnotherHistoryGame/Saved/Collections/' took 0.00s
[2020.11.09-15.02.19:151][  0]LogFileCache: Scanning file cache for directory 'C:/Users/Axes/Documents/Unreal Projects/JustAnotherHistoryGame/Content/Developers/Axes/Collections/' took 0.00s
[2020.11.09-15.02.19:151][  0]LogFileCache: Scanning file cache for directory 'C:/Users/Axes/Documents/Unreal Projects/JustAnotherHistoryGame/Content/Collections/' took 0.00s
[2020.11.09-15.02.19:151][  0]LogContentBrowser: Native class hierarchy populated in 0.0120 seconds. Added 3619 classes and 873 folders.
[2020.11.09-15.02.19:159][  0]LogContentBrowser: Native class hierarchy updated for 'WidgetCarousel' in 0.0003 seconds. Added 0 classes and 0 folders.
[2020.11.09-15.02.19:564][  0]LogContentBrowser: Native class hierarchy updated for 'AddContentDialog' in 0.0003 seconds. Added 0 classes and 0 folders.
[2020.11.09-15.02.19:569][  0]LogContentBrowser: Native class hierarchy updated for 'SceneOutliner' in 0.0004 seconds. Added 2 classes and 0 folders.
[2020.11.09-15.02.19:619][  0]LogSlate: Took 0.000206 seconds to synchronously load lazily loaded font '../../../Engine/Content/Slate/Fonts/Roboto-Regular.ttf' (155K)
[2020.11.09-15.02.19:621][  0]LogSlate: Took 0.000125 seconds to synchronously load lazily loaded font '../../../Engine/Content/Slate/Fonts/Roboto-Bold.ttf' (160K)
[2020.11.09-15.02.19:635][  0]LogSlate: Took 0.007392 seconds to synchronously load lazily loaded font '../../../Engine/Content/Editor/Slate/Fonts/FontAwesome.ttf' (139K)
[2020.11.09-15.02.19:733][  0]LogRenderer: Reallocating scene render targets to support 1208x572 Format 10 NumSamples 1 (Frame:1).
[2020.11.09-15.02.19:855][  0]LogContentBrowser: Native class hierarchy updated for 'HierarchicalLODOutliner' in 0.0004 seconds. Added 0 classes and 0 folders.
[2020.11.09-15.02.19:855][  0]LogLoad: (Engine Initialization) Total time: 9.12 seconds
[2020.11.09-15.02.19:855][  0]LogLoad: (Engine Initialization) Total Blueprint compile time: 0.00 seconds
[2020.11.09-15.02.19:893][  0]LogAssetRegistry: Asset discovery search completed in 4.9830 seconds
[2020.11.09-15.02.19:897][  0]LogCollectionManager: Fixed up redirectors for 0 collections in 0.000002 seconds (updated 0 objects)
[2020.11.09-15.02.19:899][  0]LogContentStreaming: Texture pool size now 1000 MB
[2020.11.09-15.02.19:944][  0]LogSlate: Took 0.006630 seconds to synchronously load lazily loaded font '../../../Engine/Content/Slate/Fonts/Roboto-Light.ttf' (167K)
[2020.11.09-15.02.28:829][926]LogSlate: Took 0.000178 seconds to synchronously load lazily loaded font '../../../Engine/Content/Slate/Fonts/Roboto-Light.ttf' (167K)
[2020.11.09-15.02.28:843][926]LogAssetEditorSubsystem: Opening Asset editor for AnimBlueprint /Game/Blueprints/UnitAnimation.UnitAnimation
[2020.11.09-15.02.28:860][926]LogContentBrowser: Native class hierarchy updated for 'SkeletonEditor' in 0.0003 seconds. Added 1 classes and 2 folders.
[2020.11.09-15.02.28:987][926]LogActorComponent: RegisterComponentWithWorld: (/Engine/Transient.World_1:PersistentLevel.AnimationEditorPreviewActor_0.DebugSkelMeshComponent_0) Already registered. Aborting.
[2020.11.09-15.02.28:998][926]LogContentBrowser: Native class hierarchy updated for 'PinnedCommandList' in 0.0003 seconds. Added 1 classes and 0 folders.
[2020.11.09-15.02.29:632][926]LogContentBrowser: Native class hierarchy updated for 'BlueprintGraph' in 0.0006 seconds. Added 125 classes and 0 folders.
[2020.11.09-15.02.30:662][926]LogSkeletalMesh: USkeletalMeshComponent::InitArticulated : Bodies already created (/Engine/Transient.World_1:PersistentLevel.AnimationEditorPreviewActor_0.DebugSkelMeshComponent_0) - call TermArticulated first.
[2020.11.09-15.02.31:242][926]LogSlate: Took 0.000198 seconds to synchronously load lazily loaded font '../../../Engine/Content/Slate/Fonts/Roboto-BoldCondensed.ttf' (158K)
[2020.11.09-15.02.31:333][926]LogContentBrowser: Verbose: The majority of assets in the view are of type: AnimSequence
[2020.11.09-15.02.37:056][350]LogAssetEditorSubsystem: Opening Asset editor for AnimSequence /Game/AnimStarterPack/Aim_Space_Hip.Aim_Space_Hip
[2020.11.09-15.02.37:067][350]LogActorComponent: RegisterComponentWithWorld: (/Engine/Transient.World_9:PersistentLevel.AnimationEditorPreviewActor_0.DebugSkelMeshComponent_0) Already registered. Aborting.
[2020.11.09-15.02.37:105][350]LogSkeletalMesh: USkeletalMeshComponent::InitArticulated : Bodies already created (/Engine/Transient.World_9:PersistentLevel.AnimationEditorPreviewActor_0.DebugSkelMeshComponent_0) - call TermArticulated first.
[2020.11.09-15.02.38:009][350]LogContentBrowser: Verbose: The majority of assets in the view are of type: AnimSequence
[2020.11.09-15.02.40:241][469]LogWorld: UWorld::CleanupWorld for World_12, bSessionEnded=true, bCleanupResources=true
[2020.11.09-15.02.40:241][469]LogSlate: InvalidateAllWidgets triggered.  All widgets were invalidated
[2020.11.09-17.09.46:156][843]LogAssetEditorSubsystem: Opening Asset editor for Blueprint /Game/Blueprints/Unit.Unit
[2020.11.09-17.09.50:030][ 51]LogSlate: Took 0.008136 seconds to synchronously load lazily loaded font '../../../Engine/Content/Slate/Fonts/Roboto-Italic.ttf' (157K)
[2020.11.09-17.11.46:548][104]LogTemp: Repeating last play command: Selected Viewport
[2020.11.09-17.11.46:590][104]LogPlayLevel: PlayLevel: No blueprints needed recompiling
[2020.11.09-17.11.46:592][104]PIE: New page: PIE session: Untitled_1 (Nov 9, 2020, 7:11:46 PM)
[2020.11.09-17.11.46:594][104]LogOnline: OSS: Creating online subsystem instance for: NULL
[2020.11.09-17.11.46:595][104]LogOnline: OSS: TryLoadSubsystemAndSetDefault: Loaded subsystem for module [NULL]
[2020.11.09-17.11.46:595][104]LogPlayLevel: Creating play world package: /Temp/UEDPIE_0_Untitled_1
[2020.11.09-17.11.46:599][104]LogPlayLevel: PIE: StaticDuplicateObject took: (0.003378s)
[2020.11.09-17.11.46:600][104]LogAIModule: Creating AISystem for world Untitled_1
[2020.11.09-17.11.46:600][104]LogAISub: UAISubsystem::UAISubsystem EnvQueryManager (0000016333AD9200), frame # 578104
[2020.11.09-17.11.46:600][104]LogAISub: UAISubsystem::UAISubsystem AIPerceptionSystem (000001634EBF8F40), frame # 578104
[2020.11.09-17.11.46:600][104]LogPlayLevel: PIE: World Init took: (0.001255s)
[2020.11.09-17.11.46:600][104]LogPlayLevel: PIE: Created PIE world by copying editor world from /Temp/Untitled_1.Untitled_1 to /Temp/UEDPIE_0_Untitled_1.Untitled_1 (0.004770s)
[2020.11.09-17.11.46:670][104]LogUObjectHash: Compacting FUObjectHashTables data took   5.05ms
[2020.11.09-17.11.46:673][104]LogAudioMixer: Display: Audio Mixer Platform Settings:
[2020.11.09-17.11.46:673][104]LogAudioMixer: Display: 	Sample Rate:						  48000
[2020.11.09-17.11.46:673][104]LogAudioMixer: Display: 	Callback Buffer Frame Size Requested: 1024
[2020.11.09-17.11.46:673][104]LogAudioMixer: Display: 	Callback Buffer Frame Size To Use:	  1024
[2020.11.09-17.11.46:673][104]LogAudioMixer: Display: 	Number of buffers to queue:			  2
[2020.11.09-17.11.46:673][104]LogAudioMixer: Display: 	Max Channels (voices):				  32
[2020.11.09-17.11.46:673][104]LogAudioMixer: Display: 	Number of Async Source Workers:		  0
[2020.11.09-17.11.46:673][104]LogAudio: Display: AudioDevice MaxSources: 32
[2020.11.09-17.11.46:673][104]LogAudio: Display: Using built-in audio occlusion.
[2020.11.09-17.11.46:673][104]LogAudioMixer: Display: Initializing audio mixer.
[2020.11.09-17.11.46:678][104]LogAudioMixer: Display: 0: FrontLeft
[2020.11.09-17.11.46:678][104]LogAudioMixer: Display: 1: FrontRight
[2020.11.09-17.11.46:698][104]LogAudioMixer: Display: Using Audio Device Headset Earphone (Jabra EVOLVE LINK MS)
[2020.11.09-17.11.46:698][104]LogAudioMixer: Display: Initializing Sound Submixes...
[2020.11.09-17.11.46:698][104]LogAudioMixer: Display: Creating Master Submix 'MasterSubmixDefault'
[2020.11.09-17.11.46:698][104]LogAudioMixer: Display: Creating Master Submix 'MasterReverbSubmixDefault'
[2020.11.09-17.11.46:699][104]LogAudioMixer: Display: Creating Master Submix 'MasterEQSubmixDefault'
[2020.11.09-17.11.46:714][104]LogInit: FAudioDevice initialized.
[2020.11.09-17.11.46:723][104]LogLoad: Game class is 'GameModeBase'
[2020.11.09-17.11.46:724][104]LogWorld: Bringing World /Temp/UEDPIE_0_Untitled_1.Untitled_1 up for play (max tick rate 0) at 2020.11.09-18.11.46
[2020.11.09-17.11.46:725][104]LogWorld: Bringing up level for play took: 0.001355
[2020.11.09-17.11.46:725][104]LogOnline: OSS: Creating online subsystem instance for: :Context_16
[2020.11.09-17.11.46:731][104]LogContentBrowser: Native class hierarchy updated for 'MovieSceneCapture' in 0.0004 seconds. Added 20 classes and 0 folders.
[2020.11.09-17.11.46:736][104]PIE: Server logged in
[2020.11.09-17.11.46:738][104]PIE: Play in editor total start time 0.162 seconds.
[2020.11.09-17.11.50:166][466]LogBlueprintUserMessages: [Rifle_GEN_VARIABLE_Rifle_C_CAT_92] Floor
[2020.11.09-17.11.57:161][299]LogBlueprintUserMessages: [Rifle_GEN_VARIABLE_Rifle_C_CAT_92] None
[2020.11.09-17.12.06:204][384]LogBlueprintUserMessages: [Rifle_GEN_VARIABLE_Rifle_C_CAT_92] Floor
[2020.11.09-17.12.14:283][350]LogSlate: Updating window title bar state: overlay mode, drag disabled, window buttons hidden, title bar hidden
[2020.11.09-17.12.14:283][350]LogWorld: BeginTearingDown for /Temp/UEDPIE_0_Untitled_1
[2020.11.09-17.12.14:283][350]LogWorld: UWorld::CleanupWorld for Untitled_1, bSessionEnded=true, bCleanupResources=true
[2020.11.09-17.12.14:284][350]LogSlate: InvalidateAllWidgets triggered.  All widgets were invalidated
[2020.11.09-17.12.14:295][350]LogPlayLevel: Display: Shutting down PIE online subsystems
[2020.11.09-17.12.14:301][350]LogSlate: InvalidateAllWidgets triggered.  All widgets were invalidated
[2020.11.09-17.12.14:347][350]LogSlate: Updating window title bar state: overlay mode, drag disabled, window buttons hidden, title bar hidden
[2020.11.09-17.12.14:358][350]LogAISub: UAISubsystem::~UAISubsystem EnvQueryManager (0000016333AD9200), frame # 581350
[2020.11.09-17.12.14:358][350]LogAISub: UAISubsystem::~UAISubsystem AIPerceptionSystem (000001634EBF8F40), frame # 581350
[2020.11.09-17.12.14:381][350]LogUObjectHash: Compacting FUObjectHashTables data took   5.74ms
[2020.11.09-17.12.14:431][351]LogPlayLevel: Display: Destroying online subsystem :Context_16
[2020.11.09-17.13.24:013][782]BlueprintLog: New page: Compile Unit
[2020.11.09-17.13.24:118][782]LogUObjectHash: Compacting FUObjectHashTables data took   5.44ms
[2020.11.09-17.13.27:587][ 83]LogTemp: Repeating last play command: Selected Viewport
[2020.11.09-17.13.27:613][ 83]LogPlayLevel: PlayLevel: No blueprints needed recompiling
[2020.11.09-17.13.27:613][ 83]PIE: New page: PIE session: Untitled_1 (Nov 9, 2020, 7:13:27 PM)
[2020.11.09-17.13.27:614][ 83]LogPlayLevel: Creating play world package: /Temp/UEDPIE_0_Untitled_1
[2020.11.09-17.13.27:616][ 83]LogPlayLevel: PIE: StaticDuplicateObject took: (0.002782s)
[2020.11.09-17.13.27:618][ 83]LogAIModule: Creating AISystem for world Untitled_1
[2020.11.09-17.13.27:618][ 83]LogAISub: UAISubsystem::UAISubsystem EnvQueryManager (00000163374EFE00), frame # 587083
[2020.11.09-17.13.27:618][ 83]LogAISub: UAISubsystem::UAISubsystem AIPerceptionSystem (00000163386B6700), frame # 587083
[2020.11.09-17.13.27:619][ 83]LogPlayLevel: PIE: World Init took: (0.002337s)
[2020.11.09-17.13.27:619][ 83]LogPlayLevel: PIE: Created PIE world by copying editor world from /Temp/Untitled_1.Untitled_1 to /Temp/UEDPIE_0_Untitled_1.Untitled_1 (0.005298s)
[2020.11.09-17.13.27:655][ 83]LogUObjectHash: Compacting FUObjectHashTables data took   5.19ms
[2020.11.09-17.13.27:657][ 83]LogAudioMixer: Display: Audio Mixer Platform Settings:
[2020.11.09-17.13.27:657][ 83]LogAudioMixer: Display: 	Sample Rate:						  48000
[2020.11.09-17.13.27:657][ 83]LogAudioMixer: Display: 	Callback Buffer Frame Size Requested: 1024
[2020.11.09-17.13.27:657][ 83]LogAudioMixer: Display: 	Callback Buffer Frame Size To Use:	  1024
[2020.11.09-17.13.27:657][ 83]LogAudioMixer: Display: 	Number of buffers to queue:			  2
[2020.11.09-17.13.27:657][ 83]LogAudioMixer: Display: 	Max Channels (voices):				  32
[2020.11.09-17.13.27:657][ 83]LogAudioMixer: Display: 	Number of Async Source Workers:		  0
[2020.11.09-17.13.27:657][ 83]LogAudio: Display: AudioDevice MaxSources: 32
[2020.11.09-17.13.27:658][ 83]LogAudio: Display: Using built-in audio occlusion.
[2020.11.09-17.13.27:658][ 83]LogAudioMixer: Display: Initializing audio mixer.
[2020.11.09-17.13.27:662][ 83]LogAudioMixer: Display: 0: FrontLeft
[2020.11.09-17.13.27:662][ 83]LogAudioMixer: Display: 1: FrontRight
[2020.11.09-17.13.27:681][ 83]LogAudioMixer: Display: Using Audio Device Headset Earphone (Jabra EVOLVE LINK MS)
[2020.11.09-17.13.27:681][ 83]LogAudioMixer: Display: Initializing Sound Submixes...
[2020.11.09-17.13.27:681][ 83]LogAudioMixer: Display: Creating Master Submix 'MasterSubmixDefault'
[2020.11.09-17.13.27:681][ 83]LogAudioMixer: Display: Creating Master Submix 'MasterReverbSubmixDefault'
[2020.11.09-17.13.27:682][ 83]LogAudioMixer: Display: Creating Master Submix 'MasterEQSubmixDefault'
[2020.11.09-17.13.27:696][ 83]LogInit: FAudioDevice initialized.
[2020.11.09-17.13.27:708][ 83]LogLoad: Game class is 'GameModeBase'
[2020.11.09-17.13.27:710][ 83]LogWorld: Bringing World /Temp/UEDPIE_0_Untitled_1.Untitled_1 up for play (max tick rate 0) at 2020.11.09-18.13.27
[2020.11.09-17.13.27:710][ 83]LogWorld: Bringing up level for play took: 0.001346
[2020.11.09-17.13.27:710][ 83]LogOnline: OSS: Creating online subsystem instance for: :Context_17
[2020.11.09-17.13.27:712][ 83]PIE: Server logged in
[2020.11.09-17.13.27:713][ 83]PIE: Play in editor total start time 0.101 seconds.
[2020.11.09-17.13.29:159][255]LogBlueprintUserMessages: [Rifle_GEN_VARIABLE_Rifle_C_CAT_92] Floor
[2020.11.09-17.13.41:645][753]LogBlueprintUserMessages: [Rifle_GEN_VARIABLE_Rifle_C_CAT_92] Floor
[2020.11.09-17.13.42:399][840]LogSlate: Updating window title bar state: overlay mode, drag disabled, window buttons hidden, title bar hidden
[2020.11.09-17.13.42:399][840]LogWorld: BeginTearingDown for /Temp/UEDPIE_0_Untitled_1
[2020.11.09-17.13.42:399][840]LogWorld: UWorld::CleanupWorld for Untitled_1, bSessionEnded=true, bCleanupResources=true
[2020.11.09-17.13.42:399][840]LogSlate: InvalidateAllWidgets triggered.  All widgets were invalidated
[2020.11.09-17.13.42:421][840]LogPlayLevel: Display: Shutting down PIE online subsystems
[2020.11.09-17.13.42:426][840]LogSlate: InvalidateAllWidgets triggered.  All widgets were invalidated
[2020.11.09-17.13.42:473][840]LogSlate: Updating window title bar state: overlay mode, drag disabled, window buttons hidden, title bar hidden
[2020.11.09-17.13.42:474][840]LogAISub: UAISubsystem::~UAISubsystem AIPerceptionSystem (00000163386B6700), frame # 588840
[2020.11.09-17.13.42:474][840]LogAISub: UAISubsystem::~UAISubsystem EnvQueryManager (00000163374EFE00), frame # 588840
[2020.11.09-17.13.42:478][840]LogUObjectHash: Compacting FUObjectHashTables data took   3.67ms
[2020.11.09-17.13.42:524][841]LogPlayLevel: Display: Destroying online subsystem :Context_17
[2020.11.09-17.13.57:471][ 56]LogAssetEditorSubsystem: Opening Asset editor for AnimSequence /Game/AnimStarterPack/Idle_Rifle_Ironsights.Idle_Rifle_Ironsights
[2020.11.09-17.13.57:611][ 56]LogWorld: UWorld::CleanupWorld for World_13, bSessionEnded=true, bCleanupResources=true
[2020.11.09-17.13.57:611][ 56]LogSlate: InvalidateAllWidgets triggered.  All widgets were invalidated
[2020.11.09-17.14.02:552][357]Cmd: TRANSACTION UNDO
[2020.11.09-17.14.02:552][357]LogEditorTransaction: Undo Move Node
[2020.11.09-17.14.02:579][357]LogActorComponent: RegisterComponentWithWorld: (/Engine/Transient.World_1:PersistentLevel.AnimationEditorPreviewActor_0.DebugSkelMeshComponent_0) Already registered. Aborting.
[2020.11.09-17.14.02:581][357]LogActorComponent: RegisterComponentWithWorld: (/Engine/Transient.World_9:PersistentLevel.AnimationEditorPreviewActor_0.DebugSkelMeshComponent_0) Already registered. Aborting.
[2020.11.09-17.14.03:013][366]Cmd: TRANSACTION UNDO
[2020.11.09-17.14.03:013][366]LogEditorTransaction: Undo Move Node
[2020.11.09-17.14.03:028][366]LogActorComponent: RegisterComponentWithWorld: (/Engine/Transient.World_1:PersistentLevel.AnimationEditorPreviewActor_0.DebugSkelMeshComponent_0) Already registered. Aborting.
[2020.11.09-17.14.03:030][366]LogActorComponent: RegisterComponentWithWorld: (/Engine/Transient.World_9:PersistentLevel.AnimationEditorPreviewActor_0.DebugSkelMeshComponent_0) Already registered. Aborting.
[2020.11.09-17.14.04:145][437]Cmd: TRANSACTION UNDO
[2020.11.09-17.14.04:145][437]LogEditorTransaction: Undo Move Node
[2020.11.09-17.14.04:161][437]LogActorComponent: RegisterComponentWithWorld: (/Engine/Transient.World_1:PersistentLevel.AnimationEditorPreviewActor_0.DebugSkelMeshComponent_0) Already registered. Aborting.
[2020.11.09-17.14.04:163][437]LogActorComponent: RegisterComponentWithWorld: (/Engine/Transient.World_9:PersistentLevel.AnimationEditorPreviewActor_0.DebugSkelMeshComponent_0) Already registered. Aborting.
[2020.11.09-17.14.04:573][463]Cmd: TRANSACTION UNDO
[2020.11.09-17.14.04:573][463]LogEditorTransaction: Undo Move Node
[2020.11.09-17.14.04:588][463]LogActorComponent: RegisterComponentWithWorld: (/Engine/Transient.World_1:PersistentLevel.AnimationEditorPreviewActor_0.DebugSkelMeshComponent_0) Already registered. Aborting.
[2020.11.09-17.14.04:590][463]LogActorComponent: RegisterComponentWithWorld: (/Engine/Transient.World_9:PersistentLevel.AnimationEditorPreviewActor_0.DebugSkelMeshComponent_0) Already registered. Aborting.
[2020.11.09-17.14.04:934][485]Cmd: TRANSACTION UNDO
[2020.11.09-17.14.04:935][485]LogEditorTransaction: Undo Move Node
[2020.11.09-17.14.04:949][485]LogActorComponent: RegisterComponentWithWorld: (/Engine/Transient.World_1:PersistentLevel.AnimationEditorPreviewActor_0.DebugSkelMeshComponent_0) Already registered. Aborting.
[2020.11.09-17.14.04:952][485]LogActorComponent: RegisterComponentWithWorld: (/Engine/Transient.World_9:PersistentLevel.AnimationEditorPreviewActor_0.DebugSkelMeshComponent_0) Already registered. Aborting.
[2020.11.09-17.14.05:599][527]Cmd: TRANSACTION UNDO
[2020.11.09-17.14.05:599][527]LogEditorTransaction: Undo Create Pin Link
[2020.11.09-17.14.05:615][527]LogActorComponent: RegisterComponentWithWorld: (/Engine/Transient.World_1:PersistentLevel.AnimationEditorPreviewActor_0.DebugSkelMeshComponent_0) Already registered. Aborting.
[2020.11.09-17.14.05:618][527]LogActorComponent: RegisterComponentWithWorld: (/Engine/Transient.World_9:PersistentLevel.AnimationEditorPreviewActor_0.DebugSkelMeshComponent_0) Already registered. Aborting.
[2020.11.09-17.14.06:057][553]Cmd: TRANSACTION UNDO
[2020.11.09-17.14.06:057][553]LogEditorTransaction: Undo Add Node
[2020.11.09-17.14.06:072][553]LogActorComponent: RegisterComponentWithWorld: (/Engine/Transient.World_1:PersistentLevel.AnimationEditorPreviewActor_0.DebugSkelMeshComponent_0) Already registered. Aborting.
[2020.11.09-17.14.06:073][553]LogActorComponent: RegisterComponentWithWorld: (/Engine/Transient.World_9:PersistentLevel.AnimationEditorPreviewActor_0.DebugSkelMeshComponent_0) Already registered. Aborting.
[2020.11.09-17.14.06:270][564]Cmd: TRANSACTION UNDO
[2020.11.09-17.14.06:270][564]LogEditorTransaction: Undo Add Node
[2020.11.09-17.14.06:285][564]LogActorComponent: RegisterComponentWithWorld: (/Engine/Transient.World_1:PersistentLevel.AnimationEditorPreviewActor_0.DebugSkelMeshComponent_0) Already registered. Aborting.
[2020.11.09-17.14.06:288][564]LogActorComponent: RegisterComponentWithWorld: (/Engine/Transient.World_9:PersistentLevel.AnimationEditorPreviewActor_0.DebugSkelMeshComponent_0) Already registered. Aborting.
[2020.11.09-17.14.06:481][576]Cmd: TRANSACTION UNDO
[2020.11.09-17.14.06:481][576]LogEditorTransaction: Undo Delete current selection
[2020.11.09-17.14.06:497][576]LogActorComponent: RegisterComponentWithWorld: (/Engine/Transient.World_1:PersistentLevel.AnimationEditorPreviewActor_0.DebugSkelMeshComponent_0) Already registered. Aborting.
[2020.11.09-17.14.06:499][576]LogActorComponent: RegisterComponentWithWorld: (/Engine/Transient.World_9:PersistentLevel.AnimationEditorPreviewActor_0.DebugSkelMeshComponent_0) Already registered. Aborting.
[2020.11.09-17.14.06:688][586]Cmd: TRANSACTION UNDO
[2020.11.09-17.14.06:688][586]LogEditorTransaction: Undo Add Node
[2020.11.09-17.14.06:702][586]LogActorComponent: RegisterComponentWithWorld: (/Engine/Transient.World_1:PersistentLevel.AnimationEditorPreviewActor_0.DebugSkelMeshComponent_0) Already registered. Aborting.
[2020.11.09-17.14.06:704][586]LogActorComponent: RegisterComponentWithWorld: (/Engine/Transient.World_9:PersistentLevel.AnimationEditorPreviewActor_0.DebugSkelMeshComponent_0) Already registered. Aborting.
[2020.11.09-17.14.06:901][598]Cmd: TRANSACTION UNDO
[2020.11.09-17.14.06:901][598]LogEditorTransaction: Undo Delete current selection
[2020.11.09-17.14.06:919][598]LogActorComponent: RegisterComponentWithWorld: (/Engine/Transient.World_1:PersistentLevel.AnimationEditorPreviewActor_0.DebugSkelMeshComponent_0) Already registered. Aborting.
[2020.11.09-17.14.06:922][598]LogActorComponent: RegisterComponentWithWorld: (/Engine/Transient.World_9:PersistentLevel.AnimationEditorPreviewActor_0.DebugSkelMeshComponent_0) Already registered. Aborting.
[2020.11.09-17.14.07:073][606]Cmd: TRANSACTION UNDO
[2020.11.09-17.14.07:073][606]LogEditorTransaction: Undo Add Node
[2020.11.09-17.14.07:088][606]LogActorComponent: RegisterComponentWithWorld: (/Engine/Transient.World_1:PersistentLevel.AnimationEditorPreviewActor_0.DebugSkelMeshComponent_0) Already registered. Aborting.
[2020.11.09-17.14.07:090][606]LogActorComponent: RegisterComponentWithWorld: (/Engine/Transient.World_9:PersistentLevel.AnimationEditorPreviewActor_0.DebugSkelMeshComponent_0) Already registered. Aborting.
[2020.11.09-17.14.07:255][615]Cmd: TRANSACTION UNDO
[2020.11.09-17.14.07:255][615]LogEditorTransaction: Undo Create Pin Link
[2020.11.09-17.14.07:269][615]LogActorComponent: RegisterComponentWithWorld: (/Engine/Transient.World_1:PersistentLevel.AnimationEditorPreviewActor_0.DebugSkelMeshComponent_0) Already registered. Aborting.
[2020.11.09-17.14.07:271][615]LogActorComponent: RegisterComponentWithWorld: (/Engine/Transient.World_9:PersistentLevel.AnimationEditorPreviewActor_0.DebugSkelMeshComponent_0) Already registered. Aborting.
[2020.11.09-17.14.07:471][626]Cmd: TRANSACTION UNDO
[2020.11.09-17.14.07:471][626]LogEditorTransaction: Undo Create Pin Link
[2020.11.09-17.14.07:485][626]LogActorComponent: RegisterComponentWithWorld: (/Engine/Transient.World_1:PersistentLevel.AnimationEditorPreviewActor_0.DebugSkelMeshComponent_0) Already registered. Aborting.
[2020.11.09-17.14.07:487][626]LogActorComponent: RegisterComponentWithWorld: (/Engine/Transient.World_9:PersistentLevel.AnimationEditorPreviewActor_0.DebugSkelMeshComponent_0) Already registered. Aborting.
[2020.11.09-17.14.07:624][634]Cmd: TRANSACTION UNDO
[2020.11.09-17.14.07:624][634]LogEditorTransaction: Undo Add Node
[2020.11.09-17.14.07:640][634]LogActorComponent: RegisterComponentWithWorld: (/Engine/Transient.World_1:PersistentLevel.AnimationEditorPreviewActor_0.DebugSkelMeshComponent_0) Already registered. Aborting.
[2020.11.09-17.14.07:641][634]LogActorComponent: RegisterComponentWithWorld: (/Engine/Transient.World_9:PersistentLevel.AnimationEditorPreviewActor_0.DebugSkelMeshComponent_0) Already registered. Aborting.
[2020.11.09-17.14.07:834][645]Cmd: TRANSACTION UNDO
[2020.11.09-17.14.07:835][645]LogEditorTransaction: Undo Create Actors
[2020.11.09-17.14.07:841][645]LogActorComponent: RegisterComponentWithWorld: (/Engine/Transient.World_1:PersistentLevel.AnimationEditorPreviewActor_0.DebugSkelMeshComponent_0) Already registered. Aborting.
[2020.11.09-17.14.07:843][645]LogActorComponent: RegisterComponentWithWorld: (/Engine/Transient.World_9:PersistentLevel.AnimationEditorPreviewActor_0.DebugSkelMeshComponent_0) Already registered. Aborting.
[2020.11.09-17.14.35:783][903]LogUObjectHash: Compacting FUObjectHashTables data took   5.28ms
[2020.11.09-17.14.35:807][903]LogSavePackage: Moving '../../../../../../Users/Axes/Documents/Unreal Projects/JustAnotherHistoryGame/Saved/Untitled_1_Auto13F78CC904F626C4779B2949F2683C913.tmp' to '../../../../../../Users/Axes/Documents/Unreal Projects/JustAnotherHistoryGame/Saved/Autosaves/Temp/Untitled_1_Auto1.umap'
[2020.11.09-17.14.35:811][903]LogFileHelpers: Editor autosave (incl. sublevels) for '/Temp/Untitled_1' took 0.070
[2020.11.09-17.14.35:811][903]LogFileHelpers: Editor autosave (incl. sublevels) for all levels took 0.070
[2020.11.09-17.14.35:811][903]OBJ SavePackage: Generating thumbnails for [1] asset(s) in package [/Game/Blueprints/Unit] ([1] browsable assets)...
[2020.11.09-17.14.35:837][903]OBJ SavePackage:     Rendered thumbnail for [Blueprint /Game/Blueprints/Unit.Unit]
[2020.11.09-17.14.35:837][903]OBJ SavePackage: Finished generating thumbnails for package [/Game/Blueprints/Unit]
[2020.11.09-17.14.35:936][903]LogSavePackage: Moving '../../../../../../Users/Axes/Documents/Unreal Projects/JustAnotherHistoryGame/Saved/Unit_Auto18D93085E46FCADED153795B860968137.tmp' to '../../../../../../Users/Axes/Documents/Unreal Projects/JustAnotherHistoryGame/Saved/Autosaves/Game/Blueprints/Unit_Auto1.uasset'
[2020.11.09-17.14.35:939][903]LogFileHelpers: Auto-saving content packages took 0.128
